  [1m[36mActiveRecord::SchemaMigration Load (0.3ms)[0m  [1mSELECT "schema_migrations".* FROM "schema_migrations"[0m
  [1m[35mActiveRecord::SchemaMigration Load (0.1ms)[0m  SELECT "schema_migrations".* FROM "schema_migrations"
  [1m[36m (2.5ms)[0m  [1mSELECT t2.oid::regclass::text AS to_table, a1.attname AS column, a2.attname AS primary_key, c.conname AS name, c.confupdtype AS on_update, c.confdeltype AS on_delete
FROM pg_constraint c
JOIN pg_class t1 ON c.conrelid = t1.oid
JOIN pg_class t2 ON c.confrelid = t2.oid
JOIN pg_attribute a1 ON a1.attnum = c.conkey[1] AND a1.attrelid = t1.oid
JOIN pg_attribute a2 ON a2.attnum = c.confkey[1] AND a2.attrelid = t2.oid
JOIN pg_namespace t3 ON c.connamespace = t3.oid
WHERE c.contype = 'f'
  AND t1.relname = 'reservations'
  AND t3.nspname = ANY (current_schemas(false))
ORDER BY c.conname
[0m
  [1m[35m (1.5ms)[0m  SELECT t2.oid::regclass::text AS to_table, a1.attname AS column, a2.attname AS primary_key, c.conname AS name, c.confupdtype AS on_update, c.confdeltype AS on_delete
FROM pg_constraint c
JOIN pg_class t1 ON c.conrelid = t1.oid
JOIN pg_class t2 ON c.confrelid = t2.oid
JOIN pg_attribute a1 ON a1.attnum = c.conkey[1] AND a1.attrelid = t1.oid
JOIN pg_attribute a2 ON a2.attnum = c.confkey[1] AND a2.attrelid = t2.oid
JOIN pg_namespace t3 ON c.connamespace = t3.oid
WHERE c.contype = 'f'
  AND t1.relname = 'restaurant_types'
  AND t3.nspname = ANY (current_schemas(false))
ORDER BY c.conname

  [1m[36m (2.1ms)[0m  [1mSELECT t2.oid::regclass::text AS to_table, a1.attname AS column, a2.attname AS primary_key, c.conname AS name, c.confupdtype AS on_update, c.confdeltype AS on_delete
FROM pg_constraint c
JOIN pg_class t1 ON c.conrelid = t1.oid
JOIN pg_class t2 ON c.confrelid = t2.oid
JOIN pg_attribute a1 ON a1.attnum = c.conkey[1] AND a1.attrelid = t1.oid
JOIN pg_attribute a2 ON a2.attnum = c.confkey[1] AND a2.attrelid = t2.oid
JOIN pg_namespace t3 ON c.connamespace = t3.oid
WHERE c.contype = 'f'
  AND t1.relname = 'restaurants'
  AND t3.nspname = ANY (current_schemas(false))
ORDER BY c.conname
[0m
  [1m[35m (1.6ms)[0m  SELECT t2.oid::regclass::text AS to_table, a1.attname AS column, a2.attname AS primary_key, c.conname AS name, c.confupdtype AS on_update, c.confdeltype AS on_delete
FROM pg_constraint c
JOIN pg_class t1 ON c.conrelid = t1.oid
JOIN pg_class t2 ON c.confrelid = t2.oid
JOIN pg_attribute a1 ON a1.attnum = c.conkey[1] AND a1.attrelid = t1.oid
JOIN pg_attribute a2 ON a2.attnum = c.confkey[1] AND a2.attrelid = t2.oid
JOIN pg_namespace t3 ON c.connamespace = t3.oid
WHERE c.contype = 'f'
  AND t1.relname = 'types'
  AND t3.nspname = ANY (current_schemas(false))
ORDER BY c.conname

  [1m[36m (1.5ms)[0m  [1mSELECT t2.oid::regclass::text AS to_table, a1.attname AS column, a2.attname AS primary_key, c.conname AS name, c.confupdtype AS on_update, c.confdeltype AS on_delete
FROM pg_constraint c
JOIN pg_class t1 ON c.conrelid = t1.oid
JOIN pg_class t2 ON c.confrelid = t2.oid
JOIN pg_attribute a1 ON a1.attnum = c.conkey[1] AND a1.attrelid = t1.oid
JOIN pg_attribute a2 ON a2.attnum = c.confkey[1] AND a2.attrelid = t2.oid
JOIN pg_namespace t3 ON c.connamespace = t3.oid
WHERE c.contype = 'f'
  AND t1.relname = 'users'
  AND t3.nspname = ANY (current_schemas(false))
ORDER BY c.conname
[0m
  [1m[35mActiveRecord::SchemaMigration Load (0.1ms)[0m  SELECT "schema_migrations".* FROM "schema_migrations"
  [1m[36m (0.1ms)[0m  [1mBEGIN[0m
  [1m[35mSQL (0.7ms)[0m  INSERT INTO "users" ("name", "email", "password_digest", "created_at", "updated_at") VALUES ($1, $2, $3, $4, $5) RETURNING "id"  [["name", "scooby"], ["email", "dooby@gmail.com"], ["password_digest", "$2a$10$qJtbXP36J5FejDVMuCF0le3b8GhE3VHXPZo1.YTqn0.8PM.FPL7fG"], ["created_at", "2015-07-22 18:10:17.894954"], ["updated_at", "2015-07-22 18:10:17.894954"]]
  [1m[36m (0.4ms)[0m  [1mCOMMIT[0m
  [1m[35m (0.1ms)[0m  BEGIN
  [1m[36mSQL (0.1ms)[0m  [1mINSERT INTO "users" ("name", "email", "password_digest", "created_at", "updated_at") VALUES ($1, $2, $3, $4, $5) RETURNING "id"[0m  [["name", "scrappy"], ["email", "dappy@gmail.com"], ["password_digest", "$2a$10$644hAmjJAsGChwyGfpgzPufhxMMLJbTMZZHysg9GR8HlLR6bDE4eG"], ["created_at", "2015-07-22 18:10:17.970333"], ["updated_at", "2015-07-22 18:10:17.970333"]]
  [1m[35m (0.5ms)[0m  COMMIT
  [1m[36m (0.1ms)[0m  [1mBEGIN[0m
  [1m[35mSQL (0.2ms)[0m  INSERT INTO "users" ("name", "email", "password_digest", "created_at", "updated_at") VALUES ($1, $2, $3, $4, $5) RETURNING "id"  [["name", "velma"], ["email", "daphne@gmail.com"], ["password_digest", "$2a$10$Z9oV8ww/fwb7QKBxGbNJhevdUDxA39v/dcqzKgVooXFRNROmZ5sbu"], ["created_at", "2015-07-22 18:10:18.046189"], ["updated_at", "2015-07-22 18:10:18.046189"]]
  [1m[36m (0.5ms)[0m  [1mCOMMIT[0m
  [1m[35m (0.1ms)[0m  BEGIN
  [1m[36mSQL (0.2ms)[0m  [1mINSERT INTO "users" ("name", "email", "password_digest", "created_at", "updated_at") VALUES ($1, $2, $3, $4, $5) RETURNING "id"[0m  [["name", "derek"], ["email", "jeter@gmail.com"], ["password_digest", "$2a$10$i./46EIpcT72PKrF.d2t6exWJqplSZQr7mjklVkxkhBIEMb4bwfoa"], ["created_at", "2015-07-22 18:10:18.115804"], ["updated_at", "2015-07-22 18:10:18.115804"]]
  [1m[35m (0.3ms)[0m  COMMIT
  [1m[36m (0.1ms)[0m  [1mBEGIN[0m
  [1m[35mSQL (0.2ms)[0m  INSERT INTO "users" ("name", "email", "password_digest", "created_at", "updated_at") VALUES ($1, $2, $3, $4, $5) RETURNING "id"  [["name", "mark"], ["email", "mcguire@gmail.com"], ["password_digest", "$2a$10$plE.Dcb3a9Jlcsuc7.2Q2unci50p34UrtKmkLHBB.hZlcMPaqmKcC"], ["created_at", "2015-07-22 18:10:18.188055"], ["updated_at", "2015-07-22 18:10:18.188055"]]
  [1m[36m (0.4ms)[0m  [1mCOMMIT[0m
  [1m[35m (0.1ms)[0m  BEGIN
  [1m[36mSQL (0.2ms)[0m  [1mINSERT INTO "users" ("name", "email", "password_digest", "created_at", "updated_at") VALUES ($1, $2, $3, $4, $5) RETURNING "id"[0m  [["name", "Patrick"], ["email", "Shelby@gmail.com"], ["password_digest", "$2a$10$u8aQ0C0e1a73kBtFTjmJ1eIrDlY8QASPy7z.iKChIOZBYwnbixx6i"], ["created_at", "2015-07-22 18:10:18.259622"], ["updated_at", "2015-07-22 18:10:18.259622"]]
  [1m[35m (0.4ms)[0m  COMMIT
  [1m[36m (0.1ms)[0m  [1mBEGIN[0m
  [1m[35mSQL (0.1ms)[0m  INSERT INTO "users" ("name", "email", "password_digest", "created_at", "updated_at") VALUES ($1, $2, $3, $4, $5) RETURNING "id"  [["name", "WolfJob"], ["email", "WolfJob@gmail.com"], ["password_digest", "$2a$10$d/n2aw3l8OrCrffvB/Z2FO.6Gvq2GGTa6vdsNibXMjR8EtD2ppsMm"], ["created_at", "2015-07-22 18:10:18.329786"], ["updated_at", "2015-07-22 18:10:18.329786"]]
  [1m[36m (0.5ms)[0m  [1mCOMMIT[0m
  [1m[35m (0.1ms)[0m  BEGIN
  [1m[36mSQL (0.2ms)[0m  [1mINSERT INTO "users" ("name", "email", "password_digest", "created_at", "updated_at") VALUES ($1, $2, $3, $4, $5) RETURNING "id"[0m  [["name", "Barry"], ["email", "Bonds@gmail.com"], ["password_digest", "$2a$10$N31Ijpgf4YmzzMaJHb08ke6P1EogRnfOWHobPLQZMYiaAuVoyDOt."], ["created_at", "2015-07-22 18:10:18.404684"], ["updated_at", "2015-07-22 18:10:18.404684"]]
  [1m[35m (0.4ms)[0m  COMMIT
  [1m[36m (0.1ms)[0m  [1mBEGIN[0m
  [1m[35mSQL (0.1ms)[0m  INSERT INTO "users" ("name", "email", "password_digest", "created_at", "updated_at") VALUES ($1, $2, $3, $4, $5) RETURNING "id"  [["name", "sonic"], ["email", "the@the.com"], ["password_digest", "$2a$10$7fH6PPx0M3H/qGUvDhahjuqcJZlKi0jwkYcuKjq7Kxtfz3pfS8o8S"], ["created_at", "2015-07-22 18:10:18.478668"], ["updated_at", "2015-07-22 18:10:18.478668"]]
  [1m[36m (0.5ms)[0m  [1mCOMMIT[0m
  [1m[35m (0.1ms)[0m  BEGIN
  [1m[36mSQL (0.1ms)[0m  [1mINSERT INTO "users" ("name", "email", "password_digest", "admin", "created_at", "updated_at") VALUES ($1, $2, $3, $4, $5, $6) RETURNING "id"[0m  [["name", "Jeff"], ["email", "jeff"], ["password_digest", "$2a$10$yfLs1F4pDqMCvZ/Gtm1pAu/5cAJfQlDSTcWj/7FzLG7pOGzkA8qKu"], ["admin", "t"], ["created_at", "2015-07-22 18:10:18.548220"], ["updated_at", "2015-07-22 18:10:18.548220"]]
  [1m[35m (0.5ms)[0m  COMMIT
  [1m[36m (0.1ms)[0m  [1mBEGIN[0m
  [1m[35mRestaurant Exists (0.4ms)[0m  SELECT  1 AS one FROM "restaurants" WHERE "restaurants"."yelp_id" = 'mourad-restaurant-san-francisco' LIMIT 1
  [1m[36m (0.1ms)[0m  [1mROLLBACK[0m
  [1m[35m (0.1ms)[0m  BEGIN
  [1m[36mRestaurant Exists (0.2ms)[0m  [1mSELECT  1 AS one FROM "restaurants" WHERE "restaurants"."yelp_id" = 'the-flying-falafel-san-francisco-3' LIMIT 1[0m
  [1m[35m (0.1ms)[0m  ROLLBACK
  [1m[36m (0.1ms)[0m  [1mBEGIN[0m
  [1m[35mRestaurant Exists (0.2ms)[0m  SELECT  1 AS one FROM "restaurants" WHERE "restaurants"."yelp_id" = 'marlowe-san-francisco-2' LIMIT 1
  [1m[36m (0.1ms)[0m  [1mROLLBACK[0m
  [1m[35m (0.1ms)[0m  BEGIN
  [1m[36mRestaurant Exists (0.2ms)[0m  [1mSELECT  1 AS one FROM "restaurants" WHERE "restaurants"."yelp_id" = 'cockscomb-san-francisco' LIMIT 1[0m
  [1m[35m (0.1ms)[0m  ROLLBACK
  [1m[36m (0.1ms)[0m  [1mBEGIN[0m
  [1m[35mRestaurant Exists (0.1ms)[0m  SELECT  1 AS one FROM "restaurants" WHERE "restaurants"."yelp_id" = 'garaje-san-francisco' LIMIT 1
  [1m[36m (0.1ms)[0m  [1mROLLBACK[0m
  [1m[35m (0.1ms)[0m  BEGIN
  [1m[36mRestaurant Exists (0.2ms)[0m  [1mSELECT  1 AS one FROM "restaurants" WHERE "restaurants"."yelp_id" = 'zero-zero-san-francisco' LIMIT 1[0m
  [1m[35m (0.1ms)[0m  ROLLBACK
  [1m[36m (0.1ms)[0m  [1mBEGIN[0m
  [1m[35mRestaurant Exists (0.1ms)[0m  SELECT  1 AS one FROM "restaurants" WHERE "restaurants"."yelp_id" = 'box-kitchen-san-francisco' LIMIT 1
  [1m[36m (0.1ms)[0m  [1mROLLBACK[0m
  [1m[35m (0.1ms)[0m  BEGIN
  [1m[36mRestaurant Exists (0.1ms)[0m  [1mSELECT  1 AS one FROM "restaurants" WHERE "restaurants"."yelp_id" = 'so-san-francisco-4' LIMIT 1[0m
  [1m[35m (0.1ms)[0m  ROLLBACK
  [1m[36m (0.1ms)[0m  [1mBEGIN[0m
  [1m[35mRestaurant Exists (0.1ms)[0m  SELECT  1 AS one FROM "restaurants" WHERE "restaurants"."yelp_id" = 'tropisueño-san-francisco-3' LIMIT 1
  [1m[36m (0.1ms)[0m  [1mROLLBACK[0m
  [1m[35m (0.1ms)[0m  BEGIN
  [1m[36mRestaurant Exists (0.1ms)[0m  [1mSELECT  1 AS one FROM "restaurants" WHERE "restaurants"."yelp_id" = 'the-pink-elephant-san-francisco-3' LIMIT 1[0m
  [1m[35m (0.1ms)[0m  ROLLBACK
  [1m[36m (0.1ms)[0m  [1mBEGIN[0m
  [1m[35mRestaurant Exists (0.2ms)[0m  SELECT  1 AS one FROM "restaurants" WHERE "restaurants"."yelp_id" = 'citizens-band-san-francisco' LIMIT 1
  [1m[36m (0.1ms)[0m  [1mROLLBACK[0m
  [1m[35m (0.1ms)[0m  BEGIN
  [1m[36mRestaurant Exists (0.1ms)[0m  [1mSELECT  1 AS one FROM "restaurants" WHERE "restaurants"."yelp_id" = 'little-skillet-san-francisco-2' LIMIT 1[0m
  [1m[35m (0.1ms)[0m  ROLLBACK
  [1m[36m (0.1ms)[0m  [1mBEGIN[0m
  [1m[35mRestaurant Exists (0.1ms)[0m  SELECT  1 AS one FROM "restaurants" WHERE "restaurants"."yelp_id" = 'jamber-san-francisco' LIMIT 1
  [1m[36m (0.1ms)[0m  [1mROLLBACK[0m
  [1m[35m (0.1ms)[0m  BEGIN
  [1m[36mRestaurant Exists (0.1ms)[0m  [1mSELECT  1 AS one FROM "restaurants" WHERE "restaurants"."yelp_id" = 'picnic-on-third-san-francisco' LIMIT 1[0m
  [1m[35m (0.1ms)[0m  ROLLBACK
  [1m[36m (0.1ms)[0m  [1mBEGIN[0m
  [1m[35mRestaurant Exists (0.1ms)[0m  SELECT  1 AS one FROM "restaurants" WHERE "restaurants"."yelp_id" = 'hrd-san-francisco-2' LIMIT 1
  [1m[36m (0.1ms)[0m  [1mROLLBACK[0m
  [1m[35m (0.1ms)[0m  BEGIN
  [1m[36mRestaurant Exists (0.1ms)[0m  [1mSELECT  1 AS one FROM "restaurants" WHERE "restaurants"."yelp_id" = 'dragoneats-san-francisco-3' LIMIT 1[0m
  [1m[35m (0.1ms)[0m  ROLLBACK
  [1m[36m (0.1ms)[0m  [1mBEGIN[0m
  [1m[35mRestaurant Exists (0.2ms)[0m  SELECT  1 AS one FROM "restaurants" WHERE "restaurants"."yelp_id" = 'freshroll-vietnamese-rolls-and-bowls-san-francisco' LIMIT 1
  [1m[36m (0.1ms)[0m  [1mROLLBACK[0m
  [1m[35m (0.1ms)[0m  BEGIN
  [1m[36mRestaurant Exists (0.1ms)[0m  [1mSELECT  1 AS one FROM "restaurants" WHERE "restaurants"."yelp_id" = 'red-dog-restaurant-and-bar-san-francisco' LIMIT 1[0m
  [1m[35m (0.1ms)[0m  ROLLBACK
  [1m[36m (0.1ms)[0m  [1mBEGIN[0m
  [1m[35mRestaurant Exists (0.1ms)[0m  SELECT  1 AS one FROM "restaurants" WHERE "restaurants"."yelp_id" = 'bluestem-brasserie-san-francisco' LIMIT 1
  [1m[36m (0.1ms)[0m  [1mROLLBACK[0m
  [1m[35m (0.1ms)[0m  BEGIN
  [1m[36mRestaurant Exists (0.1ms)[0m  [1mSELECT  1 AS one FROM "restaurants" WHERE "restaurants"."yelp_id" = 'archive-bar-and-kitchen-san-francisco' LIMIT 1[0m
  [1m[35m (0.1ms)[0m  ROLLBACK
  [1m[36m (0.1ms)[0m  [1mBEGIN[0m
  [1m[35mRestaurant Exists (0.1ms)[0m  SELECT  1 AS one FROM "restaurants" WHERE "restaurants"."yelp_id" = 'sous-beurre-kitchen-san-francisco-2' LIMIT 1
  [1m[36m (0.1ms)[0m  [1mROLLBACK[0m
  [1m[35m (0.1ms)[0m  BEGIN
  [1m[36mRestaurant Exists (0.1ms)[0m  [1mSELECT  1 AS one FROM "restaurants" WHERE "restaurants"."yelp_id" = 'thistle-san-francisco-8' LIMIT 1[0m
  [1m[35m (0.1ms)[0m  ROLLBACK
  [1m[36m (0.1ms)[0m  [1mBEGIN[0m
  [1m[35mRestaurant Exists (0.1ms)[0m  SELECT  1 AS one FROM "restaurants" WHERE "restaurants"."yelp_id" = 'bistro-l-aviateur-san-francisco-2' LIMIT 1
  [1m[36m (0.1ms)[0m  [1mROLLBACK[0m
  [1m[35m (0.1ms)[0m  BEGIN
  [1m[36mRestaurant Exists (0.1ms)[0m  [1mSELECT  1 AS one FROM "restaurants" WHERE "restaurants"."yelp_id" = 'hoffmanns-grill-and-rotisserie-san-francisco' LIMIT 1[0m
  [1m[35m (0.1ms)[0m  ROLLBACK
  [1m[36m (0.1ms)[0m  [1mBEGIN[0m
  [1m[35mRestaurant Exists (0.1ms)[0m  SELECT  1 AS one FROM "restaurants" WHERE "restaurants"."yelp_id" = 'loló-san-francisco-4' LIMIT 1
  [1m[36m (0.1ms)[0m  [1mROLLBACK[0m
  [1m[35m (0.1ms)[0m  BEGIN
  [1m[36mRestaurant Exists (0.1ms)[0m  [1mSELECT  1 AS one FROM "restaurants" WHERE "restaurants"."yelp_id" = '20-spot-san-francisco' LIMIT 1[0m
  [1m[35m (0.1ms)[0m  ROLLBACK
  [1m[36m (0.1ms)[0m  [1mBEGIN[0m
  [1m[35mRestaurant Exists (0.1ms)[0m  SELECT  1 AS one FROM "restaurants" WHERE "restaurants"."yelp_id" = 'stuffed-san-francisco' LIMIT 1
  [1m[36m (0.1ms)[0m  [1mROLLBACK[0m
  [1m[35m (0.1ms)[0m  BEGIN
  [1m[36mRestaurant Exists (0.1ms)[0m  [1mSELECT  1 AS one FROM "restaurants" WHERE "restaurants"."yelp_id" = 'beretta-san-francisco' LIMIT 1[0m
  [1m[35m (0.1ms)[0m  ROLLBACK
  [1m[36m (0.1ms)[0m  [1mBEGIN[0m
  [1m[35mRestaurant Exists (0.2ms)[0m  SELECT  1 AS one FROM "restaurants" WHERE "restaurants"."yelp_id" = 'el-farolito-san-francisco-2' LIMIT 1
  [1m[36m (0.1ms)[0m  [1mROLLBACK[0m
  [1m[35m (0.1ms)[0m  BEGIN
  [1m[36mRestaurant Exists (0.1ms)[0m  [1mSELECT  1 AS one FROM "restaurants" WHERE "restaurants"."yelp_id" = 'californios-san-francisco' LIMIT 1[0m
  [1m[35m (0.1ms)[0m  ROLLBACK
  [1m[36m (0.1ms)[0m  [1mBEGIN[0m
  [1m[35mRestaurant Exists (0.1ms)[0m  SELECT  1 AS one FROM "restaurants" WHERE "restaurants"."yelp_id" = 'kazan-san-francisco' LIMIT 1
  [1m[36m (0.1ms)[0m  [1mROLLBACK[0m
  [1m[35m (0.1ms)[0m  BEGIN
  [1m[36mRestaurant Exists (0.1ms)[0m  [1mSELECT  1 AS one FROM "restaurants" WHERE "restaurants"."yelp_id" = 'the-tradesman-san-francisco-2' LIMIT 1[0m
  [1m[35m (0.1ms)[0m  ROLLBACK
  [1m[36m (0.1ms)[0m  [1mBEGIN[0m
  [1m[35mRestaurant Exists (0.1ms)[0m  SELECT  1 AS one FROM "restaurants" WHERE "restaurants"."yelp_id" = 'prubechu-san-francisco' LIMIT 1
  [1m[36m (0.1ms)[0m  [1mROLLBACK[0m
  [1m[35m (0.1ms)[0m  BEGIN
  [1m[36mRestaurant Exists (0.1ms)[0m  [1mSELECT  1 AS one FROM "restaurants" WHERE "restaurants"."yelp_id" = 'als-place-san-francisco' LIMIT 1[0m
  [1m[35m (0.1ms)[0m  ROLLBACK
  [1m[36m (0.1ms)[0m  [1mBEGIN[0m
  [1m[35mRestaurant Exists (0.2ms)[0m  SELECT  1 AS one FROM "restaurants" WHERE "restaurants"."yelp_id" = 'limón-rotisserie-san-francisco-3' LIMIT 1
  [1m[36m (0.1ms)[0m  [1mROLLBACK[0m
  [1m[35m (0.1ms)[0m  BEGIN
  [1m[36mRestaurant Exists (0.1ms)[0m  [1mSELECT  1 AS one FROM "restaurants" WHERE "restaurants"."yelp_id" = 'lazy-bear-san-francisco-5' LIMIT 1[0m
  [1m[35m (0.1ms)[0m  ROLLBACK
  [1m[36m (0.1ms)[0m  [1mBEGIN[0m
  [1m[35mRestaurant Exists (0.1ms)[0m  SELECT  1 AS one FROM "restaurants" WHERE "restaurants"."yelp_id" = 'local-mission-eatery-san-francisco' LIMIT 1
  [1m[36m (0.1ms)[0m  [1mROLLBACK[0m
  [1m[35m (0.1ms)[0m  BEGIN
  [1m[36mRestaurant Exists (0.1ms)[0m  [1mSELECT  1 AS one FROM "restaurants" WHERE "restaurants"."yelp_id" = 'the-front-porch-san-francisco' LIMIT 1[0m
  [1m[35m (0.1ms)[0m  ROLLBACK
  [1m[36m (0.1ms)[0m  [1mBEGIN[0m
  [1m[35mRestaurant Exists (0.1ms)[0m  SELECT  1 AS one FROM "restaurants" WHERE "restaurants"."yelp_id" = 'paprika-san-francisco' LIMIT 1
  [1m[36m (0.1ms)[0m  [1mROLLBACK[0m
  [1m[35m (0.1ms)[0m  BEGIN
  [1m[36mRestaurant Exists (0.2ms)[0m  [1mSELECT  1 AS one FROM "restaurants" WHERE "restaurants"."yelp_id" = 'hog-and-rocks-san-francisco' LIMIT 1[0m
  [1m[35m (0.1ms)[0m  ROLLBACK
  [1m[36m (0.1ms)[0m  [1mBEGIN[0m
  [1m[35mRestaurant Exists (0.1ms)[0m  SELECT  1 AS one FROM "restaurants" WHERE "restaurants"."yelp_id" = 'coqueta-san-francisco' LIMIT 1
  [1m[36m (0.1ms)[0m  [1mROLLBACK[0m
  [1m[35m (0.1ms)[0m  BEGIN
  [1m[36mRestaurant Exists (0.1ms)[0m  [1mSELECT  1 AS one FROM "restaurants" WHERE "restaurants"."yelp_id" = 'hog-island-oyster-co-san-francisco' LIMIT 1[0m
  [1m[35m (0.1ms)[0m  ROLLBACK
  [1m[36m (0.1ms)[0m  [1mBEGIN[0m
  [1m[35mRestaurant Exists (0.1ms)[0m  SELECT  1 AS one FROM "restaurants" WHERE "restaurants"."yelp_id" = 'roli-roti-gourmet-rotisserie-san-francisco' LIMIT 1
  [1m[36m (0.1ms)[0m  [1mROLLBACK[0m
  [1m[35m (0.1ms)[0m  BEGIN
  [1m[36mRestaurant Exists (0.1ms)[0m  [1mSELECT  1 AS one FROM "restaurants" WHERE "restaurants"."yelp_id" = 'il-cane-rosso-san-francisco' LIMIT 1[0m
  [1m[35m (0.1ms)[0m  ROLLBACK
  [1m[36m (0.1ms)[0m  [1mBEGIN[0m
  [1m[35mRestaurant Exists (0.1ms)[0m  SELECT  1 AS one FROM "restaurants" WHERE "restaurants"."yelp_id" = 'primavera-san-francisco' LIMIT 1
  [1m[36m (0.1ms)[0m  [1mROLLBACK[0m
  [1m[35m (0.1ms)[0m  BEGIN
  [1m[36mRestaurant Exists (0.2ms)[0m  [1mSELECT  1 AS one FROM "restaurants" WHERE "restaurants"."yelp_id" = 'la-mar-cebichería-peruana-san-francisco-4' LIMIT 1[0m
  [1m[35m (0.1ms)[0m  ROLLBACK
  [1m[36m (0.1ms)[0m  [1mBEGIN[0m
  [1m[35mRestaurant Exists (0.1ms)[0m  SELECT  1 AS one FROM "restaurants" WHERE "restaurants"."yelp_id" = 'waterbar-san-francisco' LIMIT 1
  [1m[36m (0.1ms)[0m  [1mROLLBACK[0m
  [1m[35m (0.1ms)[0m  BEGIN
  [1m[36mRestaurant Exists (0.1ms)[0m  [1mSELECT  1 AS one FROM "restaurants" WHERE "restaurants"."yelp_id" = 'palomino-san-francisco-3' LIMIT 1[0m
  [1m[35m (0.1ms)[0m  ROLLBACK
  [1m[36m (0.1ms)[0m  [1mBEGIN[0m
  [1m[35mRestaurant Exists (0.2ms)[0m  SELECT  1 AS one FROM "restaurants" WHERE "restaurants"."yelp_id" = 'chaya-brasserie-san-francisco' LIMIT 1
  [1m[36m (0.1ms)[0m  [1mROLLBACK[0m
  [1m[35m (0.1ms)[0m  BEGIN
  [1m[36mRestaurant Exists (0.4ms)[0m  [1mSELECT  1 AS one FROM "restaurants" WHERE "restaurants"."yelp_id" = '4505-meats-san-francisco-7' LIMIT 1[0m
  [1m[35m (0.1ms)[0m  ROLLBACK
  [1m[36m (0.1ms)[0m  [1mBEGIN[0m
  [1m[35mRestaurant Exists (0.2ms)[0m  SELECT  1 AS one FROM "restaurants" WHERE "restaurants"."yelp_id" = 'frog-hollow-farm-market-and-cafe-san-francisco' LIMIT 1
  [1m[36m (0.1ms)[0m  [1mROLLBACK[0m
  [1m[35m (0.1ms)[0m  BEGIN
  [1m[36mRestaurant Exists (0.2ms)[0m  [1mSELECT  1 AS one FROM "restaurants" WHERE "restaurants"."yelp_id" = 'perrys-san-francisco-6' LIMIT 1[0m
  [1m[35m (0.1ms)[0m  ROLLBACK
  [1m[36m (0.1ms)[0m  [1mBEGIN[0m
  [1m[35mRestaurant Exists (0.2ms)[0m  SELECT  1 AS one FROM "restaurants" WHERE "restaurants"."yelp_id" = 'delica-san-francisco' LIMIT 1
  [1m[36m (0.1ms)[0m  [1mROLLBACK[0m
  [1m[35m (0.1ms)[0m  BEGIN
  [1m[36mRestaurant Exists (0.2ms)[0m  [1mSELECT  1 AS one FROM "restaurants" WHERE "restaurants"."yelp_id" = 'boccalone-san-francisco-2' LIMIT 1[0m
  [1m[35m (0.1ms)[0m  ROLLBACK
  [1m[36m (0.1ms)[0m  [1mBEGIN[0m
  [1m[35mRestaurant Exists (0.3ms)[0m  SELECT  1 AS one FROM "restaurants" WHERE "restaurants"."yelp_id" = 'the-slanted-door-san-francisco' LIMIT 1
  [1m[36m (0.1ms)[0m  [1mROLLBACK[0m
  [1m[35m (0.1ms)[0m  BEGIN
  [1m[36mRestaurant Exists (0.2ms)[0m  [1mSELECT  1 AS one FROM "restaurants" WHERE "restaurants"."yelp_id" = 'el-porteño-empanadas-san-francisco-4' LIMIT 1[0m
  [1m[35m (0.1ms)[0m  ROLLBACK
  [1m[36m (0.1ms)[0m  [1mBEGIN[0m
  [1m[35mRestaurant Exists (0.2ms)[0m  SELECT  1 AS one FROM "restaurants" WHERE "restaurants"."yelp_id" = 'hillstone-san-francisco-4' LIMIT 1
  [1m[36m (0.1ms)[0m  [1mROLLBACK[0m
  [1m[35m (0.1ms)[0m  BEGIN
  [1m[36mRestaurant Exists (0.2ms)[0m  [1mSELECT  1 AS one FROM "restaurants" WHERE "restaurants"."yelp_id" = 'pier-23-cafe-san-francisco' LIMIT 1[0m
  [1m[35m (0.1ms)[0m  ROLLBACK
  [1m[36m (0.1ms)[0m  [1mBEGIN[0m
  [1m[35mRestaurant Exists (0.2ms)[0m  SELECT  1 AS one FROM "restaurants" WHERE "restaurants"."yelp_id" = 'fog-city-san-francisco-2' LIMIT 1
  [1m[36m (0.1ms)[0m  [1mROLLBACK[0m
  [1m[35m (0.1ms)[0m  BEGIN
  [1m[36mRestaurant Exists (0.2ms)[0m  [1mSELECT  1 AS one FROM "restaurants" WHERE "restaurants"."yelp_id" = 'gotts-roadside-san-francisco-2' LIMIT 1[0m
  [1m[35m (0.1ms)[0m  ROLLBACK
  [1m[36mRestaurant Load (0.2ms)[0m  [1mSELECT  "restaurants".* FROM "restaurants" WHERE "restaurants"."yelp_id" = $1  ORDER BY "restaurants"."id" ASC LIMIT 1[0m  [["yelp_id", "dragoneats-san-francisco-3"]]
  [1m[35m (0.1ms)[0m  BEGIN
  [1m[36mRestaurant Exists (0.2ms)[0m  [1mSELECT  1 AS one FROM "restaurants" WHERE ("restaurants"."yelp_id" = 'dragoneats-san-francisco-3' AND "restaurants"."id" != 16) LIMIT 1[0m
  [1m[35m (0.1ms)[0m  COMMIT
  [1m[36mRestaurant Load (0.3ms)[0m  [1mSELECT  "restaurants".* FROM "restaurants" WHERE "restaurants"."yelp_id" = $1  ORDER BY "restaurants"."id" ASC LIMIT 1[0m  [["yelp_id", "lazy-bear-san-francisco-5"]]
  [1m[35m (0.1ms)[0m  BEGIN
  [1m[36mRestaurant Exists (0.2ms)[0m  [1mSELECT  1 AS one FROM "restaurants" WHERE ("restaurants"."yelp_id" = 'lazy-bear-san-francisco-5' AND "restaurants"."id" != 36) LIMIT 1[0m
  [1m[35m (0.1ms)[0m  COMMIT
  [1m[36mRestaurant Load (0.2ms)[0m  [1mSELECT  "restaurants".* FROM "restaurants" WHERE "restaurants"."yelp_id" = $1  ORDER BY "restaurants"."id" ASC LIMIT 1[0m  [["yelp_id", "hrd-san-francisco-2"]]
  [1m[35m (0.1ms)[0m  BEGIN
  [1m[36mRestaurant Exists (0.2ms)[0m  [1mSELECT  1 AS one FROM "restaurants" WHERE ("restaurants"."yelp_id" = 'hrd-san-francisco-2' AND "restaurants"."id" != 15) LIMIT 1[0m
  [1m[35m (0.1ms)[0m  COMMIT
  [1m[36m (0.1ms)[0m  [1mBEGIN[0m
  [1m[35mSQL (2.2ms)[0m  INSERT INTO "reservations" ("user_id", "number_in_party", "name", "restaurant_id", "created_at", "updated_at") VALUES ($1, $2, $3, $4, $5, $6) RETURNING "id"  [["user_id", 5], ["number_in_party", 3], ["name", "Person 5"], ["restaurant_id", 16], ["created_at", "2015-07-22 18:10:18.687174"], ["updated_at", "2015-07-22 18:10:18.687174"]]
  [1m[36mSQL (0.6ms)[0m  [1mUPDATE "reservations" SET "table_ready_time" = '2015-07-22 18:25:18.687174' WHERE "reservations"."id" = $1[0m  [["id", 13]]
  [1m[35mSQL (0.2ms)[0m  UPDATE "reservations" SET "notify_time" = '2015-07-22 18:20:18.687174' WHERE "reservations"."id" = $1  [["id", 13]]
  [1m[36mSQL (0.1ms)[0m  [1mUPDATE "reservations" SET "notified?" = 'f' WHERE "reservations"."id" = $1[0m  [["id", 13]]
PG::UndefinedColumn: ERROR:  column "table_ready" of relation "reservations" does not exist
LINE 1: UPDATE "reservations" SET "table_ready" = 'f' WHERE "reserva...
                                  ^
: UPDATE "reservations" SET "table_ready" = 'f' WHERE "reservations"."id" = $1
  [1m[35m (0.2ms)[0m  ROLLBACK
  [1m[36mActiveRecord::SchemaMigration Load (0.3ms)[0m  [1mSELECT "schema_migrations".* FROM "schema_migrations"[0m
  [1m[35m (0.1ms)[0m  BEGIN
  [1m[36mSQL (0.4ms)[0m  [1mINSERT INTO "users" ("name", "email", "password_digest", "created_at", "updated_at") VALUES ($1, $2, $3, $4, $5) RETURNING "id"[0m  [["name", "scooby"], ["email", "dooby@gmail.com"], ["password_digest", "$2a$10$FtE4U0SHTESF6BdDad7qiOtnDEKTKFHzhiMc26FJmTDgGqPqgZDs."], ["created_at", "2015-07-22 18:10:57.262095"], ["updated_at", "2015-07-22 18:10:57.262095"]]
  [1m[35m (0.9ms)[0m  COMMIT
  [1m[36m (0.1ms)[0m  [1mBEGIN[0m
  [1m[35mSQL (0.2ms)[0m  INSERT INTO "users" ("name", "email", "password_digest", "created_at", "updated_at") VALUES ($1, $2, $3, $4, $5) RETURNING "id"  [["name", "scrappy"], ["email", "dappy@gmail.com"], ["password_digest", "$2a$10$zp2t5mzVc22kAZ.wwS99a.ofdVpIX8yMlxdw6IszKlw.GOXb6wKVu"], ["created_at", "2015-07-22 18:10:57.337655"], ["updated_at", "2015-07-22 18:10:57.337655"]]
  [1m[36m (0.4ms)[0m  [1mCOMMIT[0m
  [1m[35m (0.1ms)[0m  BEGIN
  [1m[36mSQL (0.2ms)[0m  [1mINSERT INTO "users" ("name", "email", "password_digest", "created_at", "updated_at") VALUES ($1, $2, $3, $4, $5) RETURNING "id"[0m  [["name", "velma"], ["email", "daphne@gmail.com"], ["password_digest", "$2a$10$QLmo/nkUMqGNIRumfOAmGOoNItUv810RTBwBmkeROBABWgmDSJyYO"], ["created_at", "2015-07-22 18:10:57.411550"], ["updated_at", "2015-07-22 18:10:57.411550"]]
  [1m[35m (0.5ms)[0m  COMMIT
  [1m[36m (0.1ms)[0m  [1mBEGIN[0m
  [1m[35mSQL (0.2ms)[0m  INSERT INTO "users" ("name", "email", "password_digest", "created_at", "updated_at") VALUES ($1, $2, $3, $4, $5) RETURNING "id"  [["name", "derek"], ["email", "jeter@gmail.com"], ["password_digest", "$2a$10$ZQH/PI26kbcRtTFuR/2MEuCRfBCdIMysHFNhhUipF3O7Q88tFrCdu"], ["created_at", "2015-07-22 18:10:57.486674"], ["updated_at", "2015-07-22 18:10:57.486674"]]
  [1m[36m (0.5ms)[0m  [1mCOMMIT[0m
  [1m[35m (0.1ms)[0m  BEGIN
  [1m[36mSQL (0.2ms)[0m  [1mINSERT INTO "users" ("name", "email", "password_digest", "created_at", "updated_at") VALUES ($1, $2, $3, $4, $5) RETURNING "id"[0m  [["name", "mark"], ["email", "mcguire@gmail.com"], ["password_digest", "$2a$10$Q0ZkVpvjWljffgiR9m39q..TbaNHKCi.7R7Ehsh8bfwWxYoDz6eE6"], ["created_at", "2015-07-22 18:10:57.559544"], ["updated_at", "2015-07-22 18:10:57.559544"]]
  [1m[35m (0.5ms)[0m  COMMIT
  [1m[36m (0.1ms)[0m  [1mBEGIN[0m
  [1m[35mSQL (0.2ms)[0m  INSERT INTO "users" ("name", "email", "password_digest", "created_at", "updated_at") VALUES ($1, $2, $3, $4, $5) RETURNING "id"  [["name", "Patrick"], ["email", "Shelby@gmail.com"], ["password_digest", "$2a$10$L/HvIMVRB5FSi3o5x/X7qun11vabrnPOzwrm/oq9OBUXb0HbwkQza"], ["created_at", "2015-07-22 18:10:57.634284"], ["updated_at", "2015-07-22 18:10:57.634284"]]
  [1m[36m (0.4ms)[0m  [1mCOMMIT[0m
  [1m[35m (0.1ms)[0m  BEGIN
  [1m[36mSQL (0.2ms)[0m  [1mINSERT INTO "users" ("name", "email", "password_digest", "created_at", "updated_at") VALUES ($1, $2, $3, $4, $5) RETURNING "id"[0m  [["name", "WolfJob"], ["email", "WolfJob@gmail.com"], ["password_digest", "$2a$10$q0texkdiePRhK4GN5pKI4eSCyTHFhxcR.KifN2QHvdAjOSigvSTfq"], ["created_at", "2015-07-22 18:10:57.712259"], ["updated_at", "2015-07-22 18:10:57.712259"]]
  [1m[35m (0.4ms)[0m  COMMIT
  [1m[36m (0.1ms)[0m  [1mBEGIN[0m
  [1m[35mSQL (0.2ms)[0m  INSERT INTO "users" ("name", "email", "password_digest", "created_at", "updated_at") VALUES ($1, $2, $3, $4, $5) RETURNING "id"  [["name", "Barry"], ["email", "Bonds@gmail.com"], ["password_digest", "$2a$10$I98IliWThHQtm2uk1Wj4xu03kH0x267qqK7MknZlXL.Umn4cmH3b."], ["created_at", "2015-07-22 18:10:57.788287"], ["updated_at", "2015-07-22 18:10:57.788287"]]
  [1m[36m (0.4ms)[0m  [1mCOMMIT[0m
  [1m[35m (0.1ms)[0m  BEGIN
  [1m[36mSQL (0.1ms)[0m  [1mINSERT INTO "users" ("name", "email", "password_digest", "created_at", "updated_at") VALUES ($1, $2, $3, $4, $5) RETURNING "id"[0m  [["name", "sonic"], ["email", "the@the.com"], ["password_digest", "$2a$10$3S7AIMAyLXcPxmD6sT1T0O6U8sBsId3QwVW2ekMfp11GmOFk6YuFG"], ["created_at", "2015-07-22 18:10:57.861775"], ["updated_at", "2015-07-22 18:10:57.861775"]]
  [1m[35m (0.3ms)[0m  COMMIT
  [1m[36m (0.1ms)[0m  [1mBEGIN[0m
  [1m[35mSQL (0.2ms)[0m  INSERT INTO "users" ("name", "email", "password_digest", "admin", "created_at", "updated_at") VALUES ($1, $2, $3, $4, $5, $6) RETURNING "id"  [["name", "Jeff"], ["email", "jeff"], ["password_digest", "$2a$10$T9GKgkCrzmGyKzt0i2fNxe4OGdSWNcw3tOr65Km5/ZIa.Xog1Avo2"], ["admin", "t"], ["created_at", "2015-07-22 18:10:57.934323"], ["updated_at", "2015-07-22 18:10:57.934323"]]
  [1m[36m (0.3ms)[0m  [1mCOMMIT[0m
  [1m[35m (0.1ms)[0m  BEGIN
  [1m[36mRestaurant Exists (0.6ms)[0m  [1mSELECT  1 AS one FROM "restaurants" WHERE "restaurants"."yelp_id" = 'mourad-restaurant-san-francisco' LIMIT 1[0m
  [1m[35m (0.1ms)[0m  ROLLBACK
  [1m[36m (0.1ms)[0m  [1mBEGIN[0m
  [1m[35mRestaurant Exists (0.2ms)[0m  SELECT  1 AS one FROM "restaurants" WHERE "restaurants"."yelp_id" = 'the-flying-falafel-san-francisco-3' LIMIT 1
  [1m[36m (0.1ms)[0m  [1mROLLBACK[0m
  [1m[35m (0.1ms)[0m  BEGIN
  [1m[36mRestaurant Exists (0.2ms)[0m  [1mSELECT  1 AS one FROM "restaurants" WHERE "restaurants"."yelp_id" = 'marlowe-san-francisco-2' LIMIT 1[0m
  [1m[35m (0.1ms)[0m  ROLLBACK
  [1m[36m (0.1ms)[0m  [1mBEGIN[0m
  [1m[35mRestaurant Exists (0.2ms)[0m  SELECT  1 AS one FROM "restaurants" WHERE "restaurants"."yelp_id" = 'cockscomb-san-francisco' LIMIT 1
  [1m[36m (0.1ms)[0m  [1mROLLBACK[0m
  [1m[35m (0.1ms)[0m  BEGIN
  [1m[36mRestaurant Exists (0.2ms)[0m  [1mSELECT  1 AS one FROM "restaurants" WHERE "restaurants"."yelp_id" = 'garaje-san-francisco' LIMIT 1[0m
  [1m[35m (0.1ms)[0m  ROLLBACK
  [1m[36m (0.1ms)[0m  [1mBEGIN[0m
  [1m[35mRestaurant Exists (0.2ms)[0m  SELECT  1 AS one FROM "restaurants" WHERE "restaurants"."yelp_id" = 'zero-zero-san-francisco' LIMIT 1
  [1m[36m (0.1ms)[0m  [1mROLLBACK[0m
  [1m[35m (0.1ms)[0m  BEGIN
  [1m[36mRestaurant Exists (0.2ms)[0m  [1mSELECT  1 AS one FROM "restaurants" WHERE "restaurants"."yelp_id" = 'box-kitchen-san-francisco' LIMIT 1[0m
  [1m[35m (0.1ms)[0m  ROLLBACK
  [1m[36m (0.1ms)[0m  [1mBEGIN[0m
  [1m[35mRestaurant Exists (0.2ms)[0m  SELECT  1 AS one FROM "restaurants" WHERE "restaurants"."yelp_id" = 'so-san-francisco-4' LIMIT 1
  [1m[36m (0.1ms)[0m  [1mROLLBACK[0m
  [1m[35m (0.1ms)[0m  BEGIN
  [1m[36mRestaurant Exists (0.2ms)[0m  [1mSELECT  1 AS one FROM "restaurants" WHERE "restaurants"."yelp_id" = 'tropisueño-san-francisco-3' LIMIT 1[0m
  [1m[35m (0.1ms)[0m  ROLLBACK
  [1m[36m (0.1ms)[0m  [1mBEGIN[0m
  [1m[35mRestaurant Exists (0.2ms)[0m  SELECT  1 AS one FROM "restaurants" WHERE "restaurants"."yelp_id" = 'the-pink-elephant-san-francisco-3' LIMIT 1
  [1m[36m (0.1ms)[0m  [1mROLLBACK[0m
  [1m[35m (0.1ms)[0m  BEGIN
  [1m[36mRestaurant Exists (0.2ms)[0m  [1mSELECT  1 AS one FROM "restaurants" WHERE "restaurants"."yelp_id" = 'citizens-band-san-francisco' LIMIT 1[0m
  [1m[35m (0.1ms)[0m  ROLLBACK
  [1m[36m (0.1ms)[0m  [1mBEGIN[0m
  [1m[35mRestaurant Exists (0.1ms)[0m  SELECT  1 AS one FROM "restaurants" WHERE "restaurants"."yelp_id" = 'little-skillet-san-francisco-2' LIMIT 1
  [1m[36m (0.1ms)[0m  [1mROLLBACK[0m
  [1m[35m (0.1ms)[0m  BEGIN
  [1m[36mRestaurant Exists (0.1ms)[0m  [1mSELECT  1 AS one FROM "restaurants" WHERE "restaurants"."yelp_id" = 'jamber-san-francisco' LIMIT 1[0m
  [1m[35m (0.1ms)[0m  ROLLBACK
  [1m[36m (0.1ms)[0m  [1mBEGIN[0m
  [1m[35mRestaurant Exists (0.1ms)[0m  SELECT  1 AS one FROM "restaurants" WHERE "restaurants"."yelp_id" = 'picnic-on-third-san-francisco' LIMIT 1
  [1m[36m (0.4ms)[0m  [1mROLLBACK[0m
  [1m[35m (0.1ms)[0m  BEGIN
  [1m[36mRestaurant Exists (0.2ms)[0m  [1mSELECT  1 AS one FROM "restaurants" WHERE "restaurants"."yelp_id" = 'hrd-san-francisco-2' LIMIT 1[0m
  [1m[35m (0.1ms)[0m  ROLLBACK
  [1m[36m (0.1ms)[0m  [1mBEGIN[0m
  [1m[35mRestaurant Exists (0.2ms)[0m  SELECT  1 AS one FROM "restaurants" WHERE "restaurants"."yelp_id" = 'dragoneats-san-francisco-3' LIMIT 1
  [1m[36m (0.1ms)[0m  [1mROLLBACK[0m
  [1m[35m (0.1ms)[0m  BEGIN
  [1m[36mRestaurant Exists (0.2ms)[0m  [1mSELECT  1 AS one FROM "restaurants" WHERE "restaurants"."yelp_id" = 'freshroll-vietnamese-rolls-and-bowls-san-francisco' LIMIT 1[0m
  [1m[35m (0.1ms)[0m  ROLLBACK
  [1m[36m (0.1ms)[0m  [1mBEGIN[0m
  [1m[35mRestaurant Exists (0.1ms)[0m  SELECT  1 AS one FROM "restaurants" WHERE "restaurants"."yelp_id" = 'red-dog-restaurant-and-bar-san-francisco' LIMIT 1
  [1m[36m (0.1ms)[0m  [1mROLLBACK[0m
  [1m[35m (0.1ms)[0m  BEGIN
  [1m[36mRestaurant Exists (0.1ms)[0m  [1mSELECT  1 AS one FROM "restaurants" WHERE "restaurants"."yelp_id" = 'bluestem-brasserie-san-francisco' LIMIT 1[0m
  [1m[35m (0.1ms)[0m  ROLLBACK
  [1m[36m (0.1ms)[0m  [1mBEGIN[0m
  [1m[35mRestaurant Exists (0.1ms)[0m  SELECT  1 AS one FROM "restaurants" WHERE "restaurants"."yelp_id" = 'archive-bar-and-kitchen-san-francisco' LIMIT 1
  [1m[36m (0.1ms)[0m  [1mROLLBACK[0m
  [1m[35m (0.1ms)[0m  BEGIN
  [1m[36mRestaurant Exists (0.1ms)[0m  [1mSELECT  1 AS one FROM "restaurants" WHERE "restaurants"."yelp_id" = 'sous-beurre-kitchen-san-francisco-2' LIMIT 1[0m
  [1m[35m (0.1ms)[0m  ROLLBACK
  [1m[36m (0.1ms)[0m  [1mBEGIN[0m
  [1m[35mRestaurant Exists (0.1ms)[0m  SELECT  1 AS one FROM "restaurants" WHERE "restaurants"."yelp_id" = 'thistle-san-francisco-8' LIMIT 1
  [1m[36m (0.1ms)[0m  [1mROLLBACK[0m
  [1m[35m (0.1ms)[0m  BEGIN
  [1m[36mRestaurant Exists (0.2ms)[0m  [1mSELECT  1 AS one FROM "restaurants" WHERE "restaurants"."yelp_id" = 'bistro-l-aviateur-san-francisco-2' LIMIT 1[0m
  [1m[35m (0.1ms)[0m  ROLLBACK
  [1m[36m (0.1ms)[0m  [1mBEGIN[0m
  [1m[35mRestaurant Exists (0.2ms)[0m  SELECT  1 AS one FROM "restaurants" WHERE "restaurants"."yelp_id" = 'hoffmanns-grill-and-rotisserie-san-francisco' LIMIT 1
  [1m[36m (0.1ms)[0m  [1mROLLBACK[0m
  [1m[35m (0.1ms)[0m  BEGIN
  [1m[36mRestaurant Exists (0.2ms)[0m  [1mSELECT  1 AS one FROM "restaurants" WHERE "restaurants"."yelp_id" = 'loló-san-francisco-4' LIMIT 1[0m
  [1m[35m (0.1ms)[0m  ROLLBACK
  [1m[36m (0.1ms)[0m  [1mBEGIN[0m
  [1m[35mRestaurant Exists (0.2ms)[0m  SELECT  1 AS one FROM "restaurants" WHERE "restaurants"."yelp_id" = '20-spot-san-francisco' LIMIT 1
  [1m[36m (0.1ms)[0m  [1mROLLBACK[0m
  [1m[35m (0.1ms)[0m  BEGIN
  [1m[36mRestaurant Exists (0.2ms)[0m  [1mSELECT  1 AS one FROM "restaurants" WHERE "restaurants"."yelp_id" = 'stuffed-san-francisco' LIMIT 1[0m
  [1m[35m (0.1ms)[0m  ROLLBACK
  [1m[36m (0.1ms)[0m  [1mBEGIN[0m
  [1m[35mRestaurant Exists (0.2ms)[0m  SELECT  1 AS one FROM "restaurants" WHERE "restaurants"."yelp_id" = 'beretta-san-francisco' LIMIT 1
  [1m[36m (0.1ms)[0m  [1mROLLBACK[0m
  [1m[35m (0.1ms)[0m  BEGIN
  [1m[36mRestaurant Exists (0.2ms)[0m  [1mSELECT  1 AS one FROM "restaurants" WHERE "restaurants"."yelp_id" = 'el-farolito-san-francisco-2' LIMIT 1[0m
  [1m[35m (0.1ms)[0m  ROLLBACK
  [1m[36m (0.1ms)[0m  [1mBEGIN[0m
  [1m[35mRestaurant Exists (0.2ms)[0m  SELECT  1 AS one FROM "restaurants" WHERE "restaurants"."yelp_id" = 'californios-san-francisco' LIMIT 1
  [1m[36m (0.1ms)[0m  [1mROLLBACK[0m
  [1m[35m (0.1ms)[0m  BEGIN
  [1m[36mRestaurant Exists (0.2ms)[0m  [1mSELECT  1 AS one FROM "restaurants" WHERE "restaurants"."yelp_id" = 'kazan-san-francisco' LIMIT 1[0m
  [1m[35m (0.1ms)[0m  ROLLBACK
  [1m[36m (0.1ms)[0m  [1mBEGIN[0m
  [1m[35mRestaurant Exists (0.2ms)[0m  SELECT  1 AS one FROM "restaurants" WHERE "restaurants"."yelp_id" = 'the-tradesman-san-francisco-2' LIMIT 1
  [1m[36m (0.1ms)[0m  [1mROLLBACK[0m
  [1m[35m (0.1ms)[0m  BEGIN
  [1m[36mRestaurant Exists (0.1ms)[0m  [1mSELECT  1 AS one FROM "restaurants" WHERE "restaurants"."yelp_id" = 'prubechu-san-francisco' LIMIT 1[0m
  [1m[35m (0.1ms)[0m  ROLLBACK
  [1m[36m (0.1ms)[0m  [1mBEGIN[0m
  [1m[35mRestaurant Exists (0.1ms)[0m  SELECT  1 AS one FROM "restaurants" WHERE "restaurants"."yelp_id" = 'als-place-san-francisco' LIMIT 1
  [1m[36m (0.1ms)[0m  [1mROLLBACK[0m
  [1m[35m (0.1ms)[0m  BEGIN
  [1m[36mRestaurant Exists (0.1ms)[0m  [1mSELECT  1 AS one FROM "restaurants" WHERE "restaurants"."yelp_id" = 'limón-rotisserie-san-francisco-3' LIMIT 1[0m
  [1m[35m (0.1ms)[0m  ROLLBACK
  [1m[36m (0.1ms)[0m  [1mBEGIN[0m
  [1m[35mRestaurant Exists (0.2ms)[0m  SELECT  1 AS one FROM "restaurants" WHERE "restaurants"."yelp_id" = 'lazy-bear-san-francisco-5' LIMIT 1
  [1m[36m (0.1ms)[0m  [1mROLLBACK[0m
  [1m[35m (0.1ms)[0m  BEGIN
  [1m[36mRestaurant Exists (0.1ms)[0m  [1mSELECT  1 AS one FROM "restaurants" WHERE "restaurants"."yelp_id" = 'local-mission-eatery-san-francisco' LIMIT 1[0m
  [1m[35m (0.1ms)[0m  ROLLBACK
  [1m[36m (0.1ms)[0m  [1mBEGIN[0m
  [1m[35mRestaurant Exists (0.1ms)[0m  SELECT  1 AS one FROM "restaurants" WHERE "restaurants"."yelp_id" = 'the-front-porch-san-francisco' LIMIT 1
  [1m[36m (0.1ms)[0m  [1mROLLBACK[0m
  [1m[35m (0.1ms)[0m  BEGIN
  [1m[36mRestaurant Exists (0.1ms)[0m  [1mSELECT  1 AS one FROM "restaurants" WHERE "restaurants"."yelp_id" = 'paprika-san-francisco' LIMIT 1[0m
  [1m[35m (0.1ms)[0m  ROLLBACK
  [1m[36m (0.1ms)[0m  [1mBEGIN[0m
  [1m[35mRestaurant Exists (0.1ms)[0m  SELECT  1 AS one FROM "restaurants" WHERE "restaurants"."yelp_id" = 'hog-and-rocks-san-francisco' LIMIT 1
  [1m[36m (0.1ms)[0m  [1mROLLBACK[0m
  [1m[35m (0.2ms)[0m  BEGIN
  [1m[36mRestaurant Exists (0.2ms)[0m  [1mSELECT  1 AS one FROM "restaurants" WHERE "restaurants"."yelp_id" = 'coqueta-san-francisco' LIMIT 1[0m
  [1m[35m (0.1ms)[0m  ROLLBACK
  [1m[36m (0.1ms)[0m  [1mBEGIN[0m
  [1m[35mRestaurant Exists (0.1ms)[0m  SELECT  1 AS one FROM "restaurants" WHERE "restaurants"."yelp_id" = 'hog-island-oyster-co-san-francisco' LIMIT 1
  [1m[36m (0.1ms)[0m  [1mROLLBACK[0m
  [1m[35m (0.1ms)[0m  BEGIN
  [1m[36mRestaurant Exists (0.1ms)[0m  [1mSELECT  1 AS one FROM "restaurants" WHERE "restaurants"."yelp_id" = 'roli-roti-gourmet-rotisserie-san-francisco' LIMIT 1[0m
  [1m[35m (0.1ms)[0m  ROLLBACK
  [1m[36m (0.1ms)[0m  [1mBEGIN[0m
  [1m[35mRestaurant Exists (0.1ms)[0m  SELECT  1 AS one FROM "restaurants" WHERE "restaurants"."yelp_id" = 'il-cane-rosso-san-francisco' LIMIT 1
  [1m[36m (0.1ms)[0m  [1mROLLBACK[0m
  [1m[35m (0.1ms)[0m  BEGIN
  [1m[36mRestaurant Exists (0.1ms)[0m  [1mSELECT  1 AS one FROM "restaurants" WHERE "restaurants"."yelp_id" = 'primavera-san-francisco' LIMIT 1[0m
  [1m[35m (0.1ms)[0m  ROLLBACK
  [1m[36m (0.1ms)[0m  [1mBEGIN[0m
  [1m[35mRestaurant Exists (0.2ms)[0m  SELECT  1 AS one FROM "restaurants" WHERE "restaurants"."yelp_id" = 'la-mar-cebichería-peruana-san-francisco-4' LIMIT 1
  [1m[36m (0.1ms)[0m  [1mROLLBACK[0m
  [1m[35m (0.1ms)[0m  BEGIN
  [1m[36mRestaurant Exists (0.2ms)[0m  [1mSELECT  1 AS one FROM "restaurants" WHERE "restaurants"."yelp_id" = 'waterbar-san-francisco' LIMIT 1[0m
  [1m[35m (0.1ms)[0m  ROLLBACK
  [1m[36m (0.1ms)[0m  [1mBEGIN[0m
  [1m[35mRestaurant Exists (0.1ms)[0m  SELECT  1 AS one FROM "restaurants" WHERE "restaurants"."yelp_id" = 'palomino-san-francisco-3' LIMIT 1
  [1m[36m (0.1ms)[0m  [1mROLLBACK[0m
  [1m[35m (0.1ms)[0m  BEGIN
  [1m[36mRestaurant Exists (0.2ms)[0m  [1mSELECT  1 AS one FROM "restaurants" WHERE "restaurants"."yelp_id" = 'chaya-brasserie-san-francisco' LIMIT 1[0m
  [1m[35m (0.1ms)[0m  ROLLBACK
  [1m[36m (0.1ms)[0m  [1mBEGIN[0m
  [1m[35mRestaurant Exists (0.1ms)[0m  SELECT  1 AS one FROM "restaurants" WHERE "restaurants"."yelp_id" = '4505-meats-san-francisco-7' LIMIT 1
  [1m[36m (0.1ms)[0m  [1mROLLBACK[0m
  [1m[35m (0.1ms)[0m  BEGIN
  [1m[36mRestaurant Exists (0.2ms)[0m  [1mSELECT  1 AS one FROM "restaurants" WHERE "restaurants"."yelp_id" = 'frog-hollow-farm-market-and-cafe-san-francisco' LIMIT 1[0m
  [1m[35m (0.1ms)[0m  ROLLBACK
  [1m[36m (0.1ms)[0m  [1mBEGIN[0m
  [1m[35mRestaurant Exists (0.1ms)[0m  SELECT  1 AS one FROM "restaurants" WHERE "restaurants"."yelp_id" = 'perrys-san-francisco-6' LIMIT 1
  [1m[36m (0.1ms)[0m  [1mROLLBACK[0m
  [1m[35m (0.1ms)[0m  BEGIN
  [1m[36mRestaurant Exists (0.1ms)[0m  [1mSELECT  1 AS one FROM "restaurants" WHERE "restaurants"."yelp_id" = 'delica-san-francisco' LIMIT 1[0m
  [1m[35m (0.1ms)[0m  ROLLBACK
  [1m[36m (0.1ms)[0m  [1mBEGIN[0m
  [1m[35mRestaurant Exists (0.1ms)[0m  SELECT  1 AS one FROM "restaurants" WHERE "restaurants"."yelp_id" = 'boccalone-san-francisco-2' LIMIT 1
  [1m[36m (0.1ms)[0m  [1mROLLBACK[0m
  [1m[35m (0.1ms)[0m  BEGIN
  [1m[36mRestaurant Exists (0.1ms)[0m  [1mSELECT  1 AS one FROM "restaurants" WHERE "restaurants"."yelp_id" = 'the-slanted-door-san-francisco' LIMIT 1[0m
  [1m[35m (0.1ms)[0m  ROLLBACK
  [1m[36m (0.1ms)[0m  [1mBEGIN[0m
  [1m[35mRestaurant Exists (0.2ms)[0m  SELECT  1 AS one FROM "restaurants" WHERE "restaurants"."yelp_id" = 'el-porteño-empanadas-san-francisco-4' LIMIT 1
  [1m[36m (0.1ms)[0m  [1mROLLBACK[0m
  [1m[35m (0.1ms)[0m  BEGIN
  [1m[36mRestaurant Exists (0.2ms)[0m  [1mSELECT  1 AS one FROM "restaurants" WHERE "restaurants"."yelp_id" = 'hillstone-san-francisco-4' LIMIT 1[0m
  [1m[35m (0.1ms)[0m  ROLLBACK
  [1m[36m (0.1ms)[0m  [1mBEGIN[0m
  [1m[35mRestaurant Exists (0.1ms)[0m  SELECT  1 AS one FROM "restaurants" WHERE "restaurants"."yelp_id" = 'pier-23-cafe-san-francisco' LIMIT 1
  [1m[36m (0.1ms)[0m  [1mROLLBACK[0m
  [1m[35m (0.1ms)[0m  BEGIN
  [1m[36mRestaurant Exists (0.1ms)[0m  [1mSELECT  1 AS one FROM "restaurants" WHERE "restaurants"."yelp_id" = 'fog-city-san-francisco-2' LIMIT 1[0m
  [1m[35m (0.1ms)[0m  ROLLBACK
  [1m[36m (0.1ms)[0m  [1mBEGIN[0m
  [1m[35mRestaurant Exists (0.2ms)[0m  SELECT  1 AS one FROM "restaurants" WHERE "restaurants"."yelp_id" = 'gotts-roadside-san-francisco-2' LIMIT 1
  [1m[36m (0.1ms)[0m  [1mROLLBACK[0m
  [1m[35mRestaurant Load (0.2ms)[0m  SELECT  "restaurants".* FROM "restaurants" WHERE "restaurants"."yelp_id" = $1  ORDER BY "restaurants"."id" ASC LIMIT 1  [["yelp_id", "dragoneats-san-francisco-3"]]
  [1m[36m (0.1ms)[0m  [1mBEGIN[0m
  [1m[35mRestaurant Exists (0.2ms)[0m  SELECT  1 AS one FROM "restaurants" WHERE ("restaurants"."yelp_id" = 'dragoneats-san-francisco-3' AND "restaurants"."id" != 16) LIMIT 1
  [1m[36m (0.1ms)[0m  [1mCOMMIT[0m
  [1m[35mRestaurant Load (0.2ms)[0m  SELECT  "restaurants".* FROM "restaurants" WHERE "restaurants"."yelp_id" = $1  ORDER BY "restaurants"."id" ASC LIMIT 1  [["yelp_id", "lazy-bear-san-francisco-5"]]
  [1m[36m (0.1ms)[0m  [1mBEGIN[0m
  [1m[35mRestaurant Exists (0.2ms)[0m  SELECT  1 AS one FROM "restaurants" WHERE ("restaurants"."yelp_id" = 'lazy-bear-san-francisco-5' AND "restaurants"."id" != 36) LIMIT 1
  [1m[36m (0.1ms)[0m  [1mCOMMIT[0m
  [1m[35mRestaurant Load (0.2ms)[0m  SELECT  "restaurants".* FROM "restaurants" WHERE "restaurants"."yelp_id" = $1  ORDER BY "restaurants"."id" ASC LIMIT 1  [["yelp_id", "hrd-san-francisco-2"]]
  [1m[36m (0.1ms)[0m  [1mBEGIN[0m
  [1m[35mRestaurant Exists (0.2ms)[0m  SELECT  1 AS one FROM "restaurants" WHERE ("restaurants"."yelp_id" = 'hrd-san-francisco-2' AND "restaurants"."id" != 15) LIMIT 1
  [1m[36m (0.1ms)[0m  [1mCOMMIT[0m
  [1m[35m (0.1ms)[0m  BEGIN
  [1m[36mSQL (0.3ms)[0m  [1mINSERT INTO "reservations" ("user_id", "number_in_party", "name", "restaurant_id", "created_at", "updated_at") VALUES ($1, $2, $3, $4, $5, $6) RETURNING "id"[0m  [["user_id", 5], ["number_in_party", 3], ["name", "Person 5"], ["restaurant_id", 16], ["created_at", "2015-07-22 18:10:58.108869"], ["updated_at", "2015-07-22 18:10:58.108869"]]
  [1m[35mSQL (0.2ms)[0m  UPDATE "reservations" SET "table_ready_time" = '2015-07-22 18:25:58.108869' WHERE "reservations"."id" = $1  [["id", 14]]
  [1m[36mSQL (0.1ms)[0m  [1mUPDATE "reservations" SET "notify_time" = '2015-07-22 18:20:58.108869' WHERE "reservations"."id" = $1[0m  [["id", 14]]
  [1m[35mSQL (0.1ms)[0m  UPDATE "reservations" SET "notified?" = 'f' WHERE "reservations"."id" = $1  [["id", 14]]
  [1m[36mSQL (0.1ms)[0m  [1mUPDATE "reservations" SET "table_ready?" = 'f' WHERE "reservations"."id" = $1[0m  [["id", 14]]
  [1m[35m (0.8ms)[0m  COMMIT
  [1m[36m (0.1ms)[0m  [1mBEGIN[0m
  [1m[35mSQL (0.2ms)[0m  INSERT INTO "reservations" ("user_id", "number_in_party", "name", "restaurant_id", "created_at", "updated_at") VALUES ($1, $2, $3, $4, $5, $6) RETURNING "id"  [["user_id", 6], ["number_in_party", 3], ["name", "Person 6"], ["restaurant_id", 16], ["created_at", "2015-07-22 18:10:58.114781"], ["updated_at", "2015-07-22 18:10:58.114781"]]
  [1m[36mSQL (0.2ms)[0m  [1mUPDATE "reservations" SET "table_ready_time" = '2015-07-22 18:25:58.114781' WHERE "reservations"."id" = $1[0m  [["id", 15]]
  [1m[35mSQL (0.1ms)[0m  UPDATE "reservations" SET "notify_time" = '2015-07-22 18:20:58.114781' WHERE "reservations"."id" = $1  [["id", 15]]
  [1m[36mSQL (0.1ms)[0m  [1mUPDATE "reservations" SET "notified?" = 'f' WHERE "reservations"."id" = $1[0m  [["id", 15]]
  [1m[35mSQL (0.1ms)[0m  UPDATE "reservations" SET "table_ready?" = 'f' WHERE "reservations"."id" = $1  [["id", 15]]
  [1m[36m (0.3ms)[0m  [1mCOMMIT[0m
  [1m[35m (0.1ms)[0m  BEGIN
  [1m[36mSQL (0.1ms)[0m  [1mINSERT INTO "reservations" ("user_id", "number_in_party", "name", "restaurant_id", "created_at", "updated_at") VALUES ($1, $2, $3, $4, $5, $6) RETURNING "id"[0m  [["user_id", 7], ["number_in_party", 3], ["name", "Person 7"], ["restaurant_id", 16], ["created_at", "2015-07-22 18:10:58.119063"], ["updated_at", "2015-07-22 18:10:58.119063"]]
  [1m[35mSQL (0.1ms)[0m  UPDATE "reservations" SET "table_ready_time" = '2015-07-22 18:25:58.119063' WHERE "reservations"."id" = $1  [["id", 16]]
  [1m[36mSQL (0.1ms)[0m  [1mUPDATE "reservations" SET "notify_time" = '2015-07-22 18:20:58.119063' WHERE "reservations"."id" = $1[0m  [["id", 16]]
  [1m[35mSQL (0.1ms)[0m  UPDATE "reservations" SET "notified?" = 'f' WHERE "reservations"."id" = $1  [["id", 16]]
  [1m[36mSQL (0.1ms)[0m  [1mUPDATE "reservations" SET "table_ready?" = 'f' WHERE "reservations"."id" = $1[0m  [["id", 16]]
  [1m[35m (0.3ms)[0m  COMMIT
  [1m[36m (0.1ms)[0m  [1mBEGIN[0m
  [1m[35mSQL (0.1ms)[0m  INSERT INTO "reservations" ("user_id", "number_in_party", "name", "restaurant_id", "created_at", "updated_at") VALUES ($1, $2, $3, $4, $5, $6) RETURNING "id"  [["user_id", 8], ["number_in_party", 3], ["name", "Person 8"], ["restaurant_id", 16], ["created_at", "2015-07-22 18:10:58.123093"], ["updated_at", "2015-07-22 18:10:58.123093"]]
  [1m[36mSQL (0.2ms)[0m  [1mUPDATE "reservations" SET "table_ready_time" = '2015-07-22 18:25:58.123093' WHERE "reservations"."id" = $1[0m  [["id", 17]]
  [1m[35mSQL (0.1ms)[0m  UPDATE "reservations" SET "notify_time" = '2015-07-22 18:20:58.123093' WHERE "reservations"."id" = $1  [["id", 17]]
  [1m[36mSQL (0.1ms)[0m  [1mUPDATE "reservations" SET "notified?" = 'f' WHERE "reservations"."id" = $1[0m  [["id", 17]]
  [1m[35mSQL (0.1ms)[0m  UPDATE "reservations" SET "table_ready?" = 'f' WHERE "reservations"."id" = $1  [["id", 17]]
  [1m[36m (0.4ms)[0m  [1mCOMMIT[0m
  [1m[35m (0.1ms)[0m  BEGIN
  [1m[36mSQL (0.1ms)[0m  [1mINSERT INTO "reservations" ("user_id", "number_in_party", "name", "restaurant_id", "created_at", "updated_at") VALUES ($1, $2, $3, $4, $5, $6) RETURNING "id"[0m  [["user_id", 9], ["number_in_party", 3], ["name", "Person 9"], ["restaurant_id", 16], ["created_at", "2015-07-22 18:10:58.126997"], ["updated_at", "2015-07-22 18:10:58.126997"]]
  [1m[35mSQL (0.2ms)[0m  UPDATE "reservations" SET "table_ready_time" = '2015-07-22 18:25:58.126997' WHERE "reservations"."id" = $1  [["id", 18]]
  [1m[36mSQL (0.1ms)[0m  [1mUPDATE "reservations" SET "notify_time" = '2015-07-22 18:20:58.126997' WHERE "reservations"."id" = $1[0m  [["id", 18]]
  [1m[35mSQL (0.1ms)[0m  UPDATE "reservations" SET "notified?" = 'f' WHERE "reservations"."id" = $1  [["id", 18]]
  [1m[36mSQL (0.1ms)[0m  [1mUPDATE "reservations" SET "table_ready?" = 'f' WHERE "reservations"."id" = $1[0m  [["id", 18]]
  [1m[35m (0.3ms)[0m  COMMIT


Started GET "/" for ::1 at 2015-07-22 11:11:10 -0700
  [1m[36mActiveRecord::SchemaMigration Load (0.3ms)[0m  [1mSELECT "schema_migrations".* FROM "schema_migrations"[0m
Processing by HomeController#index as HTML
  Rendered home/index.html.erb within layouts/application (1.9ms)
  [1m[35mUser Load (0.3ms)[0m  SELECT  "users".* FROM "users" WHERE "users"."id" = $1 LIMIT 1  [["id", 1]]
Completed 200 OK in 1601ms (Views: 1590.3ms | ActiveRecord: 2.8ms)


Started GET "/" for ::1 at 2015-07-22 11:11:12 -0700
Processing by HomeController#index as HTML
  Rendered home/index.html.erb within layouts/application (0.4ms)
  [1m[36mUser Load (0.3ms)[0m  [1mSELECT  "users".* FROM "users" WHERE "users"."id" = $1 LIMIT 1[0m  [["id", 1]]
Completed 200 OK in 63ms (Views: 62.1ms | ActiveRecord: 0.3ms)


Started GET "/restaurants?utf8=%E2%9C%93&search=dragon+eats&location=" for ::1 at 2015-07-22 11:11:18 -0700
Processing by RestaurantsController#index as JSON
  Parameters: {"utf8"=>"✓", "search"=>"dragon eats", "location"=>""}
  [1m[35mRestaurant Load (0.3ms)[0m  SELECT  "restaurants".* FROM "restaurants" WHERE "restaurants"."yelp_id" = $1  ORDER BY "restaurants"."id" ASC LIMIT 1  [["yelp_id", "dragoneats-san-francisco"]]
  [1m[36mRestaurant Load (0.2ms)[0m  [1mSELECT  "restaurants".* FROM "restaurants" WHERE "restaurants"."yelp_id" = $1  ORDER BY "restaurants"."id" ASC LIMIT 1[0m  [["yelp_id", "dragoneats-san-francisco-3"]]
  [1m[35mRestaurant Load (0.2ms)[0m  SELECT  "restaurants".* FROM "restaurants" WHERE "restaurants"."yelp_id" = $1  ORDER BY "restaurants"."id" ASC LIMIT 1  [["yelp_id", "perilla-san-francisco"]]
  [1m[36mRestaurant Load (0.2ms)[0m  [1mSELECT  "restaurants".* FROM "restaurants" WHERE "restaurants"."yelp_id" = $1  ORDER BY "restaurants"."id" ASC LIMIT 1[0m  [["yelp_id", "le-soleil-san-francisco"]]
  [1m[35mRestaurant Load (0.2ms)[0m  SELECT  "restaurants".* FROM "restaurants" WHERE "restaurants"."yelp_id" = $1  ORDER BY "restaurants"."id" ASC LIMIT 1  [["yelp_id", "cordon-bleu-san-francisco"]]
  [1m[36mRestaurant Load (0.2ms)[0m  [1mSELECT  "restaurants".* FROM "restaurants" WHERE "restaurants"."yelp_id" = $1  ORDER BY "restaurants"."id" ASC LIMIT 1[0m  [["yelp_id", "vietnam-restaurant-san-francisco"]]
  [1m[35mRestaurant Load (0.1ms)[0m  SELECT  "restaurants".* FROM "restaurants" WHERE "restaurants"."yelp_id" = $1  ORDER BY "restaurants"."id" ASC LIMIT 1  [["yelp_id", "rice-paper-scissors-san-francisco-2"]]
  [1m[36mRestaurant Load (0.1ms)[0m  [1mSELECT  "restaurants".* FROM "restaurants" WHERE "restaurants"."yelp_id" = $1  ORDER BY "restaurants"."id" ASC LIMIT 1[0m  [["yelp_id", "bun-mee-san-francisco"]]
  [1m[35mRestaurant Load (0.1ms)[0m  SELECT  "restaurants".* FROM "restaurants" WHERE "restaurants"."yelp_id" = $1  ORDER BY "restaurants"."id" ASC LIMIT 1  [["yelp_id", "urban-picnic-san-francisco"]]
  [1m[36mRestaurant Load (0.1ms)[0m  [1mSELECT  "restaurants".* FROM "restaurants" WHERE "restaurants"."yelp_id" = $1  ORDER BY "restaurants"."id" ASC LIMIT 1[0m  [["yelp_id", "the-slanted-door-san-francisco"]]
Completed 200 OK in 728ms (Views: 1.9ms | ActiveRecord: 2.8ms)


Started GET "/restaurants?utf8=%E2%9C%93&search=dragon+eats&location=" for ::1 at 2015-07-22 11:11:18 -0700
Processing by RestaurantsController#index as HTML
  Parameters: {"utf8"=>"✓", "search"=>"dragon eats", "location"=>""}
  [1m[35mRestaurant Load (0.9ms)[0m  SELECT  "restaurants".* FROM "restaurants" WHERE "restaurants"."yelp_id" = $1  ORDER BY "restaurants"."id" ASC LIMIT 1  [["yelp_id", "dragoneats-san-francisco"]]
  [1m[36mRestaurant Load (0.5ms)[0m  [1mSELECT  "restaurants".* FROM "restaurants" WHERE "restaurants"."yelp_id" = $1  ORDER BY "restaurants"."id" ASC LIMIT 1[0m  [["yelp_id", "dragoneats-san-francisco-3"]]
  [1m[35mRestaurant Load (0.2ms)[0m  SELECT  "restaurants".* FROM "restaurants" WHERE "restaurants"."yelp_id" = $1  ORDER BY "restaurants"."id" ASC LIMIT 1  [["yelp_id", "perilla-san-francisco"]]
  [1m[36mRestaurant Load (0.2ms)[0m  [1mSELECT  "restaurants".* FROM "restaurants" WHERE "restaurants"."yelp_id" = $1  ORDER BY "restaurants"."id" ASC LIMIT 1[0m  [["yelp_id", "le-soleil-san-francisco"]]
  [1m[35mRestaurant Load (0.5ms)[0m  SELECT  "restaurants".* FROM "restaurants" WHERE "restaurants"."yelp_id" = $1  ORDER BY "restaurants"."id" ASC LIMIT 1  [["yelp_id", "cordon-bleu-san-francisco"]]
  [1m[36mRestaurant Load (0.4ms)[0m  [1mSELECT  "restaurants".* FROM "restaurants" WHERE "restaurants"."yelp_id" = $1  ORDER BY "restaurants"."id" ASC LIMIT 1[0m  [["yelp_id", "vietnam-restaurant-san-francisco"]]
  [1m[35mRestaurant Load (0.9ms)[0m  SELECT  "restaurants".* FROM "restaurants" WHERE "restaurants"."yelp_id" = $1  ORDER BY "restaurants"."id" ASC LIMIT 1  [["yelp_id", "rice-paper-scissors-san-francisco-2"]]
  [1m[36mRestaurant Load (0.3ms)[0m  [1mSELECT  "restaurants".* FROM "restaurants" WHERE "restaurants"."yelp_id" = $1  ORDER BY "restaurants"."id" ASC LIMIT 1[0m  [["yelp_id", "bun-mee-san-francisco"]]
  [1m[35mRestaurant Load (0.6ms)[0m  SELECT  "restaurants".* FROM "restaurants" WHERE "restaurants"."yelp_id" = $1  ORDER BY "restaurants"."id" ASC LIMIT 1  [["yelp_id", "urban-picnic-san-francisco"]]
  [1m[36mRestaurant Load (0.6ms)[0m  [1mSELECT  "restaurants".* FROM "restaurants" WHERE "restaurants"."yelp_id" = $1  ORDER BY "restaurants"."id" ASC LIMIT 1[0m  [["yelp_id", "the-slanted-door-san-francisco"]]
  Rendered restaurants/_result.html.erb (0.8ms)
  Rendered restaurants/index.html.erb (7.4ms)
Completed 200 OK in 591ms (Views: 9.1ms | ActiveRecord: 5.2ms)


Started GET "/restaurants/16" for ::1 at 2015-07-22 11:11:27 -0700
Processing by RestaurantsController#show as HTML
  Parameters: {"id"=>"16"}
  [1m[35mRestaurant Load (0.2ms)[0m  SELECT  "restaurants".* FROM "restaurants" WHERE "restaurants"."id" = $1 LIMIT 1  [["id", 16]]
  Rendered restaurants/_result.html.erb (0.4ms)
  [1m[36mReservation Load (0.4ms)[0m  [1mSELECT "reservations".* FROM "reservations" WHERE "reservations"."restaurant_id" = $1[0m  [["restaurant_id", 16]]
  [1m[35mUser Load (0.2ms)[0m  SELECT  "users".* FROM "users" WHERE "users"."id" = $1 LIMIT 1  [["id", 5]]
  [1m[36mUser Load (0.2ms)[0m  [1mSELECT  "users".* FROM "users" WHERE "users"."id" = $1 LIMIT 1[0m  [["id", 6]]
  [1m[35mUser Load (0.2ms)[0m  SELECT  "users".* FROM "users" WHERE "users"."id" = $1 LIMIT 1  [["id", 7]]
  [1m[36mUser Load (0.2ms)[0m  [1mSELECT  "users".* FROM "users" WHERE "users"."id" = $1 LIMIT 1[0m  [["id", 8]]
  [1m[35mUser Load (0.1ms)[0m  SELECT  "users".* FROM "users" WHERE "users"."id" = $1 LIMIT 1  [["id", 9]]
  [1m[36mCACHE (0.0ms)[0m  [1mSELECT  "users".* FROM "users" WHERE "users"."id" = $1 LIMIT 1[0m  [["id", 5]]
  [1m[35mCACHE (0.0ms)[0m  SELECT  "users".* FROM "users" WHERE "users"."id" = $1 LIMIT 1  [["id", 6]]
  [1m[36mCACHE (0.0ms)[0m  [1mSELECT  "users".* FROM "users" WHERE "users"."id" = $1 LIMIT 1[0m  [["id", 7]]
  [1m[35mCACHE (0.0ms)[0m  SELECT  "users".* FROM "users" WHERE "users"."id" = $1 LIMIT 1  [["id", 8]]
  [1m[36mCACHE (0.0ms)[0m  [1mSELECT  "users".* FROM "users" WHERE "users"."id" = $1 LIMIT 1[0m  [["id", 9]]
  [1m[35mCACHE (0.0ms)[0m  SELECT  "users".* FROM "users" WHERE "users"."id" = $1 LIMIT 1  [["id", 5]]
  [1m[36mCACHE (0.0ms)[0m  [1mSELECT  "users".* FROM "users" WHERE "users"."id" = $1 LIMIT 1[0m  [["id", 6]]
  [1m[35mCACHE (0.0ms)[0m  SELECT  "users".* FROM "users" WHERE "users"."id" = $1 LIMIT 1  [["id", 7]]
  [1m[36mCACHE (0.0ms)[0m  [1mSELECT  "users".* FROM "users" WHERE "users"."id" = $1 LIMIT 1[0m  [["id", 8]]
  [1m[35mCACHE (0.0ms)[0m  SELECT  "users".* FROM "users" WHERE "users"."id" = $1 LIMIT 1  [["id", 9]]
  Rendered restaurants/show.html.erb within layouts/application (27.2ms)
  [1m[36mUser Load (0.2ms)[0m  [1mSELECT  "users".* FROM "users" WHERE "users"."id" = $1 LIMIT 1[0m  [["id", 1]]
Completed 200 OK in 453ms (Views: 85.0ms | ActiveRecord: 2.7ms)


Started GET "/" for ::1 at 2015-07-22 11:13:03 -0700
  [1m[36mActiveRecord::SchemaMigration Load (0.3ms)[0m  [1mSELECT "schema_migrations".* FROM "schema_migrations"[0m
Processing by HomeController#index as HTML
  Rendered home/index.html.erb within layouts/application (2.1ms)
  [1m[35mUser Load (0.4ms)[0m  SELECT  "users".* FROM "users" WHERE "users"."id" = $1 LIMIT 1  [["id", 1]]
Completed 200 OK in 234ms (Views: 223.1ms | ActiveRecord: 2.9ms)


Started GET "/" for ::1 at 2015-07-22 11:13:03 -0700
Processing by HomeController#index as HTML
  Rendered home/index.html.erb within layouts/application (0.4ms)
  [1m[36mUser Load (0.3ms)[0m  [1mSELECT  "users".* FROM "users" WHERE "users"."id" = $1 LIMIT 1[0m  [["id", 1]]
Completed 200 OK in 92ms (Views: 91.6ms | ActiveRecord: 0.3ms)


Started GET "/assets/admin.self-e3b0c44298fc1c149afbf4c8996fb92427ae41e4649b934ca495991b7852b855.css?body=1" for ::1 at 2015-07-22 11:13:03 -0700


Started GET "/assets/home.self-b5123dde1468e10fb5cc81332ce115daf130252f8d337daf5ce24dd5a549c1b6.css?body=1" for ::1 at 2015-07-22 11:13:03 -0700


Started GET "/assets/reservations.self-e3b0c44298fc1c149afbf4c8996fb92427ae41e4649b934ca495991b7852b855.css?body=1" for ::1 at 2015-07-22 11:13:03 -0700


Started GET "/assets/proprietor.self-e3b0c44298fc1c149afbf4c8996fb92427ae41e4649b934ca495991b7852b855.css?body=1" for ::1 at 2015-07-22 11:13:03 -0700


Started GET "/assets/restaurants.self-61da26ce25daf78339e18af7625daf304bb62330d899701de8e6511791b96ddd.css?body=1" for ::1 at 2015-07-22 11:13:03 -0700


Started GET "/assets/sessions.self-205b4b5827861c953b6be62eb3d6651b6d8acabc0b2adc6eafe84bd4e6d7527b.css?body=1" for ::1 at 2015-07-22 11:13:03 -0700


Started GET "/assets/types.self-e3b0c44298fc1c149afbf4c8996fb92427ae41e4649b934ca495991b7852b855.css?body=1" for ::1 at 2015-07-22 11:13:03 -0700


Started GET "/assets/users.self-7d7025b6f0a69fd474049a4b3ebb76b6f074416cad6d524ccc56dd4a78374fc6.css?body=1" for ::1 at 2015-07-22 11:13:03 -0700


Started GET "/assets/application.self-e80e8f2318043e8af94dddc2adad5a4f09739a8ebb323b3ab31cd71d45fd9113.css?body=1" for ::1 at 2015-07-22 11:13:03 -0700


Started GET "/assets/jquery.self-d03a5518f45df77341bdbe6201ba3bfa547ebba8ed64f0ea56bfa5f96ea7c074.js?body=1" for ::1 at 2015-07-22 11:13:03 -0700


Started GET "/assets/jquery_ujs.self-ca5248a2fad13d6bd58ea121318d642f195f0b2dd818b30615f785ff365e8d1f.js?body=1" for ::1 at 2015-07-22 11:13:03 -0700


Started GET "/assets/turbolinks.self-c37727e9bd6b2735da5c311aa83fead54ed0be6cc8bd9a65309e9c5abe2cbfff.js?body=1" for ::1 at 2015-07-22 11:13:03 -0700


Started GET "/assets/admin.self-19a187bec6cdb96d6de80a61c16c857c613536adf9138476bd367db38d282635.js?body=1" for ::1 at 2015-07-22 11:13:03 -0700


Started GET "/assets/home.self-b281c3cd3b14693ab8f91194f3f5a3e9974f1ac4069a638fce6802af3f60ffe7.js?body=1" for ::1 at 2015-07-22 11:13:03 -0700


Started GET "/assets/proprietor.self-19a187bec6cdb96d6de80a61c16c857c613536adf9138476bd367db38d282635.js?body=1" for ::1 at 2015-07-22 11:13:03 -0700


Started GET "/assets/reservations.self-19a187bec6cdb96d6de80a61c16c857c613536adf9138476bd367db38d282635.js?body=1" for ::1 at 2015-07-22 11:13:04 -0700


Started GET "/assets/restaurants.self-d5cc91c5bc49b881797bfa6aa20bed6ac491454cb546d291085495bacb4ee5e4.js?body=1" for ::1 at 2015-07-22 11:13:04 -0700


Started GET "/assets/sessions.self-3abff4604a760045b9fb7fe0f7c025bac8862c4c97663ac3503107fae87e319c.js?body=1" for ::1 at 2015-07-22 11:13:04 -0700


Started GET "/assets/timer.self-ffacc3f455c6c1e20aeb74a6ad8eea982e536ee8a6b6fa8d2f5ed4ff324388be.js?body=1" for ::1 at 2015-07-22 11:13:04 -0700


Started GET "/assets/types.self-19a187bec6cdb96d6de80a61c16c857c613536adf9138476bd367db38d282635.js?body=1" for ::1 at 2015-07-22 11:13:04 -0700


Started GET "/assets/users.self-800a0187b65b0b99a47d1c70934b0fcfb0bdf59923c01c4014a5f226d2259756.js?body=1" for ::1 at 2015-07-22 11:13:04 -0700


Started GET "/assets/application.self-3b8dabdc891efe46b9a144b400ad69e37d7e5876bdc39dee783419a69d7ca819.js?body=1" for ::1 at 2015-07-22 11:13:04 -0700


Started GET "/restaurants?utf8=%E2%9C%93&search=mexican&location=" for ::1 at 2015-07-22 11:13:09 -0700
Processing by RestaurantsController#index as JSON
  Parameters: {"utf8"=>"✓", "search"=>"mexican", "location"=>""}
  [1m[35mRestaurant Load (0.3ms)[0m  SELECT  "restaurants".* FROM "restaurants" WHERE "restaurants"."yelp_id" = $1  ORDER BY "restaurants"."id" ASC LIMIT 1  [["yelp_id", "el-mercado-urbano-at-la-urbana-san-francisco"]]
  [1m[36mRestaurant Load (0.2ms)[0m  [1mSELECT  "restaurants".* FROM "restaurants" WHERE "restaurants"."yelp_id" = $1  ORDER BY "restaurants"."id" ASC LIMIT 1[0m  [["yelp_id", "el-farolito-san-francisco-2"]]
  [1m[35mRestaurant Load (0.3ms)[0m  SELECT  "restaurants".* FROM "restaurants" WHERE "restaurants"."yelp_id" = $1  ORDER BY "restaurants"."id" ASC LIMIT 1  [["yelp_id", "tropisueño-san-francisco-3"]]
  [1m[36mRestaurant Load (0.2ms)[0m  [1mSELECT  "restaurants".* FROM "restaurants" WHERE "restaurants"."yelp_id" = $1  ORDER BY "restaurants"."id" ASC LIMIT 1[0m  [["yelp_id", "don-pistos-san-francisco-2"]]
  [1m[35mRestaurant Load (0.2ms)[0m  SELECT  "restaurants".* FROM "restaurants" WHERE "restaurants"."yelp_id" = $1  ORDER BY "restaurants"."id" ASC LIMIT 1  [["yelp_id", "colibri-mexican-bistro-san-francisco"]]
  [1m[36mRestaurant Load (0.3ms)[0m  [1mSELECT  "restaurants".* FROM "restaurants" WHERE "restaurants"."yelp_id" = $1  ORDER BY "restaurants"."id" ASC LIMIT 1[0m  [["yelp_id", "garaje-san-francisco"]]
  [1m[35mRestaurant Load (0.1ms)[0m  SELECT  "restaurants".* FROM "restaurants" WHERE "restaurants"."yelp_id" = $1  ORDER BY "restaurants"."id" ASC LIMIT 1  [["yelp_id", "papito-hayes-san-francisco"]]
  [1m[36mRestaurant Load (0.1ms)[0m  [1mSELECT  "restaurants".* FROM "restaurants" WHERE "restaurants"."yelp_id" = $1  ORDER BY "restaurants"."id" ASC LIMIT 1[0m  [["yelp_id", "padrecito-san-francisco"]]
  [1m[35mRestaurant Load (0.1ms)[0m  SELECT  "restaurants".* FROM "restaurants" WHERE "restaurants"."yelp_id" = $1  ORDER BY "restaurants"."id" ASC LIMIT 1  [["yelp_id", "taqueria-castillo-mason-san-francisco"]]
  [1m[36mRestaurant Load (0.1ms)[0m  [1mSELECT  "restaurants".* FROM "restaurants" WHERE "restaurants"."yelp_id" = $1  ORDER BY "restaurants"."id" ASC LIMIT 1[0m  [["yelp_id", "los-hermanos-taqueria-san-francisco"]]
Completed 200 OK in 739ms (Views: 1.7ms | ActiveRecord: 3.0ms)


Started GET "/restaurants?utf8=%E2%9C%93&search=mexican&location=" for ::1 at 2015-07-22 11:13:10 -0700
Processing by RestaurantsController#index as HTML
  Parameters: {"utf8"=>"✓", "search"=>"mexican", "location"=>""}
  [1m[35mRestaurant Load (0.2ms)[0m  SELECT  "restaurants".* FROM "restaurants" WHERE "restaurants"."yelp_id" = $1  ORDER BY "restaurants"."id" ASC LIMIT 1  [["yelp_id", "el-mercado-urbano-at-la-urbana-san-francisco"]]
  [1m[36mRestaurant Load (0.3ms)[0m  [1mSELECT  "restaurants".* FROM "restaurants" WHERE "restaurants"."yelp_id" = $1  ORDER BY "restaurants"."id" ASC LIMIT 1[0m  [["yelp_id", "el-farolito-san-francisco-2"]]
  [1m[35mRestaurant Load (0.3ms)[0m  SELECT  "restaurants".* FROM "restaurants" WHERE "restaurants"."yelp_id" = $1  ORDER BY "restaurants"."id" ASC LIMIT 1  [["yelp_id", "tropisueño-san-francisco-3"]]
  [1m[36mRestaurant Load (0.4ms)[0m  [1mSELECT  "restaurants".* FROM "restaurants" WHERE "restaurants"."yelp_id" = $1  ORDER BY "restaurants"."id" ASC LIMIT 1[0m  [["yelp_id", "don-pistos-san-francisco-2"]]
  [1m[35mRestaurant Load (0.2ms)[0m  SELECT  "restaurants".* FROM "restaurants" WHERE "restaurants"."yelp_id" = $1  ORDER BY "restaurants"."id" ASC LIMIT 1  [["yelp_id", "colibri-mexican-bistro-san-francisco"]]
  [1m[36mRestaurant Load (0.3ms)[0m  [1mSELECT  "restaurants".* FROM "restaurants" WHERE "restaurants"."yelp_id" = $1  ORDER BY "restaurants"."id" ASC LIMIT 1[0m  [["yelp_id", "garaje-san-francisco"]]
  [1m[35mRestaurant Load (0.3ms)[0m  SELECT  "restaurants".* FROM "restaurants" WHERE "restaurants"."yelp_id" = $1  ORDER BY "restaurants"."id" ASC LIMIT 1  [["yelp_id", "papito-hayes-san-francisco"]]
  [1m[36mRestaurant Load (0.4ms)[0m  [1mSELECT  "restaurants".* FROM "restaurants" WHERE "restaurants"."yelp_id" = $1  ORDER BY "restaurants"."id" ASC LIMIT 1[0m  [["yelp_id", "padrecito-san-francisco"]]
  [1m[35mRestaurant Load (0.3ms)[0m  SELECT  "restaurants".* FROM "restaurants" WHERE "restaurants"."yelp_id" = $1  ORDER BY "restaurants"."id" ASC LIMIT 1  [["yelp_id", "taqueria-castillo-mason-san-francisco"]]
  [1m[36mRestaurant Load (0.8ms)[0m  [1mSELECT  "restaurants".* FROM "restaurants" WHERE "restaurants"."yelp_id" = $1  ORDER BY "restaurants"."id" ASC LIMIT 1[0m  [["yelp_id", "los-hermanos-taqueria-san-francisco"]]
  Rendered restaurants/_result.html.erb (2.9ms)
  Rendered restaurants/index.html.erb (21.4ms)
Completed 200 OK in 493ms (Views: 26.8ms | ActiveRecord: 3.4ms)


Started GET "/restaurants?utf8=%E2%9C%93&search=mexican&location=" for ::1 at 2015-07-22 11:13:10 -0700
Processing by RestaurantsController#index as JSON
  Parameters: {"utf8"=>"✓", "search"=>"mexican", "location"=>""}
  [1m[35mRestaurant Load (0.9ms)[0m  SELECT  "restaurants".* FROM "restaurants" WHERE "restaurants"."yelp_id" = $1  ORDER BY "restaurants"."id" ASC LIMIT 1  [["yelp_id", "el-mercado-urbano-at-la-urbana-san-francisco"]]
  [1m[36mRestaurant Load (0.2ms)[0m  [1mSELECT  "restaurants".* FROM "restaurants" WHERE "restaurants"."yelp_id" = $1  ORDER BY "restaurants"."id" ASC LIMIT 1[0m  [["yelp_id", "el-farolito-san-francisco-2"]]
  [1m[35mRestaurant Load (0.2ms)[0m  SELECT  "restaurants".* FROM "restaurants" WHERE "restaurants"."yelp_id" = $1  ORDER BY "restaurants"."id" ASC LIMIT 1  [["yelp_id", "tropisueño-san-francisco-3"]]
  [1m[36mRestaurant Load (0.4ms)[0m  [1mSELECT  "restaurants".* FROM "restaurants" WHERE "restaurants"."yelp_id" = $1  ORDER BY "restaurants"."id" ASC LIMIT 1[0m  [["yelp_id", "don-pistos-san-francisco-2"]]
  [1m[35mRestaurant Load (0.2ms)[0m  SELECT  "restaurants".* FROM "restaurants" WHERE "restaurants"."yelp_id" = $1  ORDER BY "restaurants"."id" ASC LIMIT 1  [["yelp_id", "colibri-mexican-bistro-san-francisco"]]
  [1m[36mRestaurant Load (0.2ms)[0m  [1mSELECT  "restaurants".* FROM "restaurants" WHERE "restaurants"."yelp_id" = $1  ORDER BY "restaurants"."id" ASC LIMIT 1[0m  [["yelp_id", "garaje-san-francisco"]]
  [1m[35mRestaurant Load (0.5ms)[0m  SELECT  "restaurants".* FROM "restaurants" WHERE "restaurants"."yelp_id" = $1  ORDER BY "restaurants"."id" ASC LIMIT 1  [["yelp_id", "papito-hayes-san-francisco"]]
  [1m[36mRestaurant Load (0.6ms)[0m  [1mSELECT  "restaurants".* FROM "restaurants" WHERE "restaurants"."yelp_id" = $1  ORDER BY "restaurants"."id" ASC LIMIT 1[0m  [["yelp_id", "padrecito-san-francisco"]]
  [1m[35mRestaurant Load (0.5ms)[0m  SELECT  "restaurants".* FROM "restaurants" WHERE "restaurants"."yelp_id" = $1  ORDER BY "restaurants"."id" ASC LIMIT 1  [["yelp_id", "taqueria-castillo-mason-san-francisco"]]
  [1m[36mRestaurant Load (0.2ms)[0m  [1mSELECT  "restaurants".* FROM "restaurants" WHERE "restaurants"."yelp_id" = $1  ORDER BY "restaurants"."id" ASC LIMIT 1[0m  [["yelp_id", "los-hermanos-taqueria-san-francisco"]]
Completed 200 OK in 478ms (Views: 3.4ms | ActiveRecord: 4.0ms)


Started GET "/restaurants?utf8=%E2%9C%93&search=mexican&location=" for ::1 at 2015-07-22 11:13:11 -0700
Processing by RestaurantsController#index as HTML
  Parameters: {"utf8"=>"✓", "search"=>"mexican", "location"=>""}
  [1m[35mRestaurant Load (0.2ms)[0m  SELECT  "restaurants".* FROM "restaurants" WHERE "restaurants"."yelp_id" = $1  ORDER BY "restaurants"."id" ASC LIMIT 1  [["yelp_id", "el-mercado-urbano-at-la-urbana-san-francisco"]]
  [1m[36mRestaurant Load (0.1ms)[0m  [1mSELECT  "restaurants".* FROM "restaurants" WHERE "restaurants"."yelp_id" = $1  ORDER BY "restaurants"."id" ASC LIMIT 1[0m  [["yelp_id", "el-farolito-san-francisco-2"]]
  [1m[35mRestaurant Load (0.1ms)[0m  SELECT  "restaurants".* FROM "restaurants" WHERE "restaurants"."yelp_id" = $1  ORDER BY "restaurants"."id" ASC LIMIT 1  [["yelp_id", "tropisueño-san-francisco-3"]]
  [1m[36mRestaurant Load (0.1ms)[0m  [1mSELECT  "restaurants".* FROM "restaurants" WHERE "restaurants"."yelp_id" = $1  ORDER BY "restaurants"."id" ASC LIMIT 1[0m  [["yelp_id", "don-pistos-san-francisco-2"]]
  [1m[35mRestaurant Load (0.1ms)[0m  SELECT  "restaurants".* FROM "restaurants" WHERE "restaurants"."yelp_id" = $1  ORDER BY "restaurants"."id" ASC LIMIT 1  [["yelp_id", "colibri-mexican-bistro-san-francisco"]]
  [1m[36mRestaurant Load (0.1ms)[0m  [1mSELECT  "restaurants".* FROM "restaurants" WHERE "restaurants"."yelp_id" = $1  ORDER BY "restaurants"."id" ASC LIMIT 1[0m  [["yelp_id", "garaje-san-francisco"]]
  [1m[35mRestaurant Load (0.1ms)[0m  SELECT  "restaurants".* FROM "restaurants" WHERE "restaurants"."yelp_id" = $1  ORDER BY "restaurants"."id" ASC LIMIT 1  [["yelp_id", "papito-hayes-san-francisco"]]
  [1m[36mRestaurant Load (0.2ms)[0m  [1mSELECT  "restaurants".* FROM "restaurants" WHERE "restaurants"."yelp_id" = $1  ORDER BY "restaurants"."id" ASC LIMIT 1[0m  [["yelp_id", "padrecito-san-francisco"]]
  [1m[35mRestaurant Load (0.1ms)[0m  SELECT  "restaurants".* FROM "restaurants" WHERE "restaurants"."yelp_id" = $1  ORDER BY "restaurants"."id" ASC LIMIT 1  [["yelp_id", "taqueria-castillo-mason-san-francisco"]]
  [1m[36mRestaurant Load (0.1ms)[0m  [1mSELECT  "restaurants".* FROM "restaurants" WHERE "restaurants"."yelp_id" = $1  ORDER BY "restaurants"."id" ASC LIMIT 1[0m  [["yelp_id", "los-hermanos-taqueria-san-francisco"]]
  Rendered restaurants/_result.html.erb (0.8ms)
  Rendered restaurants/index.html.erb (1.6ms)
Completed 200 OK in 578ms (Views: 2.7ms | ActiveRecord: 1.5ms)


Started GET "/restaurants/29" for ::1 at 2015-07-22 11:13:51 -0700
Processing by RestaurantsController#show as HTML
  Parameters: {"id"=>"29"}
  [1m[35mRestaurant Load (0.2ms)[0m  SELECT  "restaurants".* FROM "restaurants" WHERE "restaurants"."id" = $1 LIMIT 1  [["id", 29]]
  Rendered restaurants/_result.html.erb (0.7ms)
  [1m[36mReservation Load (0.4ms)[0m  [1mSELECT "reservations".* FROM "reservations" WHERE "reservations"."restaurant_id" = $1[0m  [["restaurant_id", 29]]
  Rendered restaurants/show.html.erb within layouts/application (26.5ms)
Completed 500 Internal Server Error in 352ms (ActiveRecord: 1.6ms)

ActionView::Template::Error (undefined method `name' for nil:NilClass):
    22:       </tr>
    23:       <% @reservations.each do |reservation| %>
    24:       	<tr>
    25:         <td><%=reservation.user.name%></td>
    26:         <td><%=reservation.number_in_party%></td>
    27:         <td><%=reservation.created_at%></td>
    28:         <td><%=reservation.timer%></td>
  app/views/restaurants/show.html.erb:25:in `block in _app_views_restaurants_show_html_erb___3372187353876265952_70316342720240'
  app/views/restaurants/show.html.erb:23:in `_app_views_restaurants_show_html_erb___3372187353876265952_70316342720240'
  app/controllers/restaurants_controller.rb:69:in `show'


  Rendered /Users/Jeff/.rbenv/versions/2.2.0/lib/ruby/gems/2.2.0/gems/actionpack-4.2.3/lib/action_dispatch/middleware/templates/rescues/_source.erb (7.9ms)
  Rendered /Users/Jeff/.rbenv/versions/2.2.0/lib/ruby/gems/2.2.0/gems/actionpack-4.2.3/lib/action_dispatch/middleware/templates/rescues/_trace.html.erb (2.2ms)
  Rendered /Users/Jeff/.rbenv/versions/2.2.0/lib/ruby/gems/2.2.0/gems/actionpack-4.2.3/lib/action_dispatch/middleware/templates/rescues/_request_and_response.html.erb (1.8ms)
  Rendered /Users/Jeff/.rbenv/versions/2.2.0/lib/ruby/gems/2.2.0/gems/actionpack-4.2.3/lib/action_dispatch/middleware/templates/rescues/template_error.html.erb within rescues/layout (56.0ms)
  Rendered /Users/Jeff/.rbenv/versions/2.2.0/lib/ruby/gems/2.2.0/gems/web-console-2.2.1/lib/web_console/templates/_markup.html.erb (0.4ms)
  Rendered /Users/Jeff/.rbenv/versions/2.2.0/lib/ruby/gems/2.2.0/gems/web-console-2.2.1/lib/web_console/templates/_inner_console_markup.html.erb within layouts/inlined_string (0.3ms)
  Rendered /Users/Jeff/.rbenv/versions/2.2.0/lib/ruby/gems/2.2.0/gems/web-console-2.2.1/lib/web_console/templates/_prompt_box_markup.html.erb within layouts/inlined_string (0.3ms)
  Rendered /Users/Jeff/.rbenv/versions/2.2.0/lib/ruby/gems/2.2.0/gems/web-console-2.2.1/lib/web_console/templates/style.css.erb within layouts/inlined_string (0.3ms)
  Rendered /Users/Jeff/.rbenv/versions/2.2.0/lib/ruby/gems/2.2.0/gems/web-console-2.2.1/lib/web_console/templates/console.js.erb within layouts/javascript (42.3ms)
  Rendered /Users/Jeff/.rbenv/versions/2.2.0/lib/ruby/gems/2.2.0/gems/web-console-2.2.1/lib/web_console/templates/main.js.erb within layouts/javascript (0.3ms)
  Rendered /Users/Jeff/.rbenv/versions/2.2.0/lib/ruby/gems/2.2.0/gems/web-console-2.2.1/lib/web_console/templates/error_page.js.erb within layouts/javascript (0.4ms)
  Rendered /Users/Jeff/.rbenv/versions/2.2.0/lib/ruby/gems/2.2.0/gems/web-console-2.2.1/lib/web_console/templates/index.html.erb (96.3ms)


Started GET "/restaurants/29" for ::1 at 2015-07-22 11:13:52 -0700
Processing by RestaurantsController#show as HTML
  Parameters: {"id"=>"29"}
  [1m[35mRestaurant Load (0.3ms)[0m  SELECT  "restaurants".* FROM "restaurants" WHERE "restaurants"."id" = $1 LIMIT 1  [["id", 29]]
  Rendered restaurants/_result.html.erb (0.7ms)
  [1m[36mReservation Load (0.3ms)[0m  [1mSELECT "reservations".* FROM "reservations" WHERE "reservations"."restaurant_id" = $1[0m  [["restaurant_id", 29]]
  Rendered restaurants/show.html.erb within layouts/application (7.4ms)
Completed 500 Internal Server Error in 245ms (ActiveRecord: 0.5ms)

ActionView::Template::Error (undefined method `name' for nil:NilClass):
    22:       </tr>
    23:       <% @reservations.each do |reservation| %>
    24:       	<tr>
    25:         <td><%=reservation.user.name%></td>
    26:         <td><%=reservation.number_in_party%></td>
    27:         <td><%=reservation.created_at%></td>
    28:         <td><%=reservation.timer%></td>
  app/views/restaurants/show.html.erb:25:in `block in _app_views_restaurants_show_html_erb___3372187353876265952_70316322800840'
  app/views/restaurants/show.html.erb:23:in `_app_views_restaurants_show_html_erb___3372187353876265952_70316322800840'
  app/controllers/restaurants_controller.rb:69:in `show'


  Rendered /Users/Jeff/.rbenv/versions/2.2.0/lib/ruby/gems/2.2.0/gems/actionpack-4.2.3/lib/action_dispatch/middleware/templates/rescues/_source.erb (6.8ms)
  Rendered /Users/Jeff/.rbenv/versions/2.2.0/lib/ruby/gems/2.2.0/gems/actionpack-4.2.3/lib/action_dispatch/middleware/templates/rescues/_trace.html.erb (2.1ms)
  Rendered /Users/Jeff/.rbenv/versions/2.2.0/lib/ruby/gems/2.2.0/gems/actionpack-4.2.3/lib/action_dispatch/middleware/templates/rescues/_request_and_response.html.erb (0.9ms)
  Rendered /Users/Jeff/.rbenv/versions/2.2.0/lib/ruby/gems/2.2.0/gems/actionpack-4.2.3/lib/action_dispatch/middleware/templates/rescues/template_error.html.erb within rescues/layout (53.2ms)
  Rendered /Users/Jeff/.rbenv/versions/2.2.0/lib/ruby/gems/2.2.0/gems/web-console-2.2.1/lib/web_console/templates/_markup.html.erb (0.3ms)
  Rendered /Users/Jeff/.rbenv/versions/2.2.0/lib/ruby/gems/2.2.0/gems/web-console-2.2.1/lib/web_console/templates/_inner_console_markup.html.erb within layouts/inlined_string (0.3ms)
  Rendered /Users/Jeff/.rbenv/versions/2.2.0/lib/ruby/gems/2.2.0/gems/web-console-2.2.1/lib/web_console/templates/_prompt_box_markup.html.erb within layouts/inlined_string (0.5ms)
  Rendered /Users/Jeff/.rbenv/versions/2.2.0/lib/ruby/gems/2.2.0/gems/web-console-2.2.1/lib/web_console/templates/style.css.erb within layouts/inlined_string (0.4ms)
  Rendered /Users/Jeff/.rbenv/versions/2.2.0/lib/ruby/gems/2.2.0/gems/web-console-2.2.1/lib/web_console/templates/console.js.erb within layouts/javascript (39.5ms)
  Rendered /Users/Jeff/.rbenv/versions/2.2.0/lib/ruby/gems/2.2.0/gems/web-console-2.2.1/lib/web_console/templates/main.js.erb within layouts/javascript (0.5ms)
  Rendered /Users/Jeff/.rbenv/versions/2.2.0/lib/ruby/gems/2.2.0/gems/web-console-2.2.1/lib/web_console/templates/error_page.js.erb within layouts/javascript (0.4ms)
  Rendered /Users/Jeff/.rbenv/versions/2.2.0/lib/ruby/gems/2.2.0/gems/web-console-2.2.1/lib/web_console/templates/index.html.erb (92.2ms)


Started GET "/" for ::1 at 2015-07-22 11:13:57 -0700
Processing by HomeController#index as HTML
  Rendered home/index.html.erb within layouts/application (1.3ms)
  [1m[35mUser Load (0.4ms)[0m  SELECT  "users".* FROM "users" WHERE "users"."id" = $1 LIMIT 1  [["id", 1]]
Completed 200 OK in 61ms (Views: 60.0ms | ActiveRecord: 0.4ms)


Started GET "/assets/admin.self-e3b0c44298fc1c149afbf4c8996fb92427ae41e4649b934ca495991b7852b855.css?body=1" for ::1 at 2015-07-22 11:13:57 -0700


Started GET "/assets/proprietor.self-e3b0c44298fc1c149afbf4c8996fb92427ae41e4649b934ca495991b7852b855.css?body=1" for ::1 at 2015-07-22 11:13:57 -0700


Started GET "/assets/sessions.self-205b4b5827861c953b6be62eb3d6651b6d8acabc0b2adc6eafe84bd4e6d7527b.css?body=1" for ::1 at 2015-07-22 11:13:57 -0700


Started GET "/assets/reservations.self-e3b0c44298fc1c149afbf4c8996fb92427ae41e4649b934ca495991b7852b855.css?body=1" for ::1 at 2015-07-22 11:13:57 -0700


Started GET "/assets/home.self-b5123dde1468e10fb5cc81332ce115daf130252f8d337daf5ce24dd5a549c1b6.css?body=1" for ::1 at 2015-07-22 11:13:57 -0700


Started GET "/assets/restaurants.self-61da26ce25daf78339e18af7625daf304bb62330d899701de8e6511791b96ddd.css?body=1" for ::1 at 2015-07-22 11:13:57 -0700


Started GET "/assets/types.self-e3b0c44298fc1c149afbf4c8996fb92427ae41e4649b934ca495991b7852b855.css?body=1" for ::1 at 2015-07-22 11:13:57 -0700


Started GET "/assets/users.self-7d7025b6f0a69fd474049a4b3ebb76b6f074416cad6d524ccc56dd4a78374fc6.css?body=1" for ::1 at 2015-07-22 11:13:57 -0700


Started GET "/assets/application.self-e80e8f2318043e8af94dddc2adad5a4f09739a8ebb323b3ab31cd71d45fd9113.css?body=1" for ::1 at 2015-07-22 11:13:57 -0700


Started GET "/assets/jquery.self-d03a5518f45df77341bdbe6201ba3bfa547ebba8ed64f0ea56bfa5f96ea7c074.js?body=1" for ::1 at 2015-07-22 11:13:57 -0700


Started GET "/assets/jquery_ujs.self-ca5248a2fad13d6bd58ea121318d642f195f0b2dd818b30615f785ff365e8d1f.js?body=1" for ::1 at 2015-07-22 11:13:57 -0700


Started GET "/assets/turbolinks.self-c37727e9bd6b2735da5c311aa83fead54ed0be6cc8bd9a65309e9c5abe2cbfff.js?body=1" for ::1 at 2015-07-22 11:13:57 -0700


Started GET "/assets/admin.self-19a187bec6cdb96d6de80a61c16c857c613536adf9138476bd367db38d282635.js?body=1" for ::1 at 2015-07-22 11:13:57 -0700


Started GET "/assets/home.self-b281c3cd3b14693ab8f91194f3f5a3e9974f1ac4069a638fce6802af3f60ffe7.js?body=1" for ::1 at 2015-07-22 11:13:57 -0700


Started GET "/assets/proprietor.self-19a187bec6cdb96d6de80a61c16c857c613536adf9138476bd367db38d282635.js?body=1" for ::1 at 2015-07-22 11:13:57 -0700


Started GET "/assets/reservations.self-19a187bec6cdb96d6de80a61c16c857c613536adf9138476bd367db38d282635.js?body=1" for ::1 at 2015-07-22 11:13:57 -0700


Started GET "/assets/restaurants.self-d5cc91c5bc49b881797bfa6aa20bed6ac491454cb546d291085495bacb4ee5e4.js?body=1" for ::1 at 2015-07-22 11:13:57 -0700


Started GET "/assets/sessions.self-3abff4604a760045b9fb7fe0f7c025bac8862c4c97663ac3503107fae87e319c.js?body=1" for ::1 at 2015-07-22 11:13:57 -0700


Started GET "/assets/timer.self-ffacc3f455c6c1e20aeb74a6ad8eea982e536ee8a6b6fa8d2f5ed4ff324388be.js?body=1" for ::1 at 2015-07-22 11:13:57 -0700


Started GET "/assets/types.self-19a187bec6cdb96d6de80a61c16c857c613536adf9138476bd367db38d282635.js?body=1" for ::1 at 2015-07-22 11:13:57 -0700


Started GET "/assets/users.self-800a0187b65b0b99a47d1c70934b0fcfb0bdf59923c01c4014a5f226d2259756.js?body=1" for ::1 at 2015-07-22 11:13:57 -0700


Started GET "/assets/application.self-3b8dabdc891efe46b9a144b400ad69e37d7e5876bdc39dee783419a69d7ca819.js?body=1" for ::1 at 2015-07-22 11:13:57 -0700


Started GET "/restaurants?utf8=%E2%9C%93&search=dragon+eats&location=" for ::1 at 2015-07-22 11:14:00 -0700
Processing by RestaurantsController#index as JSON
  Parameters: {"utf8"=>"✓", "search"=>"dragon eats", "location"=>""}
  [1m[36mRestaurant Load (0.2ms)[0m  [1mSELECT  "restaurants".* FROM "restaurants" WHERE "restaurants"."yelp_id" = $1  ORDER BY "restaurants"."id" ASC LIMIT 1[0m  [["yelp_id", "dragoneats-san-francisco"]]
  [1m[35mRestaurant Load (0.1ms)[0m  SELECT  "restaurants".* FROM "restaurants" WHERE "restaurants"."yelp_id" = $1  ORDER BY "restaurants"."id" ASC LIMIT 1  [["yelp_id", "dragoneats-san-francisco-3"]]
  [1m[36mRestaurant Load (0.1ms)[0m  [1mSELECT  "restaurants".* FROM "restaurants" WHERE "restaurants"."yelp_id" = $1  ORDER BY "restaurants"."id" ASC LIMIT 1[0m  [["yelp_id", "perilla-san-francisco"]]
  [1m[35mRestaurant Load (0.1ms)[0m  SELECT  "restaurants".* FROM "restaurants" WHERE "restaurants"."yelp_id" = $1  ORDER BY "restaurants"."id" ASC LIMIT 1  [["yelp_id", "le-soleil-san-francisco"]]
  [1m[36mRestaurant Load (0.1ms)[0m  [1mSELECT  "restaurants".* FROM "restaurants" WHERE "restaurants"."yelp_id" = $1  ORDER BY "restaurants"."id" ASC LIMIT 1[0m  [["yelp_id", "cordon-bleu-san-francisco"]]
  [1m[35mRestaurant Load (0.1ms)[0m  SELECT  "restaurants".* FROM "restaurants" WHERE "restaurants"."yelp_id" = $1  ORDER BY "restaurants"."id" ASC LIMIT 1  [["yelp_id", "vietnam-restaurant-san-francisco"]]
  [1m[36mRestaurant Load (0.1ms)[0m  [1mSELECT  "restaurants".* FROM "restaurants" WHERE "restaurants"."yelp_id" = $1  ORDER BY "restaurants"."id" ASC LIMIT 1[0m  [["yelp_id", "rice-paper-scissors-san-francisco-2"]]
  [1m[35mRestaurant Load (0.1ms)[0m  SELECT  "restaurants".* FROM "restaurants" WHERE "restaurants"."yelp_id" = $1  ORDER BY "restaurants"."id" ASC LIMIT 1  [["yelp_id", "bun-mee-san-francisco"]]
  [1m[36mRestaurant Load (0.1ms)[0m  [1mSELECT  "restaurants".* FROM "restaurants" WHERE "restaurants"."yelp_id" = $1  ORDER BY "restaurants"."id" ASC LIMIT 1[0m  [["yelp_id", "urban-picnic-san-francisco"]]
  [1m[35mRestaurant Load (0.1ms)[0m  SELECT  "restaurants".* FROM "restaurants" WHERE "restaurants"."yelp_id" = $1  ORDER BY "restaurants"."id" ASC LIMIT 1  [["yelp_id", "the-slanted-door-san-francisco"]]
Completed 200 OK in 476ms (Views: 1.2ms | ActiveRecord: 1.3ms)


Started GET "/restaurants?utf8=%E2%9C%93&search=dragon+eats&location=" for ::1 at 2015-07-22 11:14:01 -0700
Processing by RestaurantsController#index as HTML
  Parameters: {"utf8"=>"✓", "search"=>"dragon eats", "location"=>""}
  [1m[36mRestaurant Load (1.0ms)[0m  [1mSELECT  "restaurants".* FROM "restaurants" WHERE "restaurants"."yelp_id" = $1  ORDER BY "restaurants"."id" ASC LIMIT 1[0m  [["yelp_id", "dragoneats-san-francisco"]]
  [1m[35mRestaurant Load (0.7ms)[0m  SELECT  "restaurants".* FROM "restaurants" WHERE "restaurants"."yelp_id" = $1  ORDER BY "restaurants"."id" ASC LIMIT 1  [["yelp_id", "dragoneats-san-francisco-3"]]
  [1m[36mRestaurant Load (0.5ms)[0m  [1mSELECT  "restaurants".* FROM "restaurants" WHERE "restaurants"."yelp_id" = $1  ORDER BY "restaurants"."id" ASC LIMIT 1[0m  [["yelp_id", "perilla-san-francisco"]]
  [1m[35mRestaurant Load (0.2ms)[0m  SELECT  "restaurants".* FROM "restaurants" WHERE "restaurants"."yelp_id" = $1  ORDER BY "restaurants"."id" ASC LIMIT 1  [["yelp_id", "le-soleil-san-francisco"]]
  [1m[36mRestaurant Load (0.5ms)[0m  [1mSELECT  "restaurants".* FROM "restaurants" WHERE "restaurants"."yelp_id" = $1  ORDER BY "restaurants"."id" ASC LIMIT 1[0m  [["yelp_id", "cordon-bleu-san-francisco"]]
  [1m[35mRestaurant Load (0.2ms)[0m  SELECT  "restaurants".* FROM "restaurants" WHERE "restaurants"."yelp_id" = $1  ORDER BY "restaurants"."id" ASC LIMIT 1  [["yelp_id", "vietnam-restaurant-san-francisco"]]
  [1m[36mRestaurant Load (0.2ms)[0m  [1mSELECT  "restaurants".* FROM "restaurants" WHERE "restaurants"."yelp_id" = $1  ORDER BY "restaurants"."id" ASC LIMIT 1[0m  [["yelp_id", "rice-paper-scissors-san-francisco-2"]]
  [1m[35mRestaurant Load (0.2ms)[0m  SELECT  "restaurants".* FROM "restaurants" WHERE "restaurants"."yelp_id" = $1  ORDER BY "restaurants"."id" ASC LIMIT 1  [["yelp_id", "bun-mee-san-francisco"]]
  [1m[36mRestaurant Load (0.2ms)[0m  [1mSELECT  "restaurants".* FROM "restaurants" WHERE "restaurants"."yelp_id" = $1  ORDER BY "restaurants"."id" ASC LIMIT 1[0m  [["yelp_id", "urban-picnic-san-francisco"]]
  [1m[35mRestaurant Load (0.8ms)[0m  SELECT  "restaurants".* FROM "restaurants" WHERE "restaurants"."yelp_id" = $1  ORDER BY "restaurants"."id" ASC LIMIT 1  [["yelp_id", "the-slanted-door-san-francisco"]]
  Rendered restaurants/_result.html.erb (0.7ms)
  Rendered restaurants/index.html.erb (2.3ms)
Completed 200 OK in 465ms (Views: 4.6ms | ActiveRecord: 4.4ms)


Started GET "/restaurants/16" for ::1 at 2015-07-22 11:14:03 -0700
Processing by RestaurantsController#show as HTML
  Parameters: {"id"=>"16"}
  [1m[36mRestaurant Load (0.2ms)[0m  [1mSELECT  "restaurants".* FROM "restaurants" WHERE "restaurants"."id" = $1 LIMIT 1[0m  [["id", 16]]
  Rendered restaurants/_result.html.erb (0.1ms)
  [1m[35mReservation Load (0.3ms)[0m  SELECT "reservations".* FROM "reservations" WHERE "reservations"."restaurant_id" = $1  [["restaurant_id", 16]]
  [1m[36mUser Load (0.2ms)[0m  [1mSELECT  "users".* FROM "users" WHERE "users"."id" = $1 LIMIT 1[0m  [["id", 5]]
  [1m[35mUser Load (0.2ms)[0m  SELECT  "users".* FROM "users" WHERE "users"."id" = $1 LIMIT 1  [["id", 6]]
  [1m[36mUser Load (0.2ms)[0m  [1mSELECT  "users".* FROM "users" WHERE "users"."id" = $1 LIMIT 1[0m  [["id", 7]]
  [1m[35mUser Load (0.1ms)[0m  SELECT  "users".* FROM "users" WHERE "users"."id" = $1 LIMIT 1  [["id", 8]]
  [1m[36mUser Load (0.1ms)[0m  [1mSELECT  "users".* FROM "users" WHERE "users"."id" = $1 LIMIT 1[0m  [["id", 9]]
  [1m[35mCACHE (0.0ms)[0m  SELECT  "users".* FROM "users" WHERE "users"."id" = $1 LIMIT 1  [["id", 5]]
  [1m[36mCACHE (0.0ms)[0m  [1mSELECT  "users".* FROM "users" WHERE "users"."id" = $1 LIMIT 1[0m  [["id", 6]]
  [1m[35mCACHE (0.0ms)[0m  SELECT  "users".* FROM "users" WHERE "users"."id" = $1 LIMIT 1  [["id", 7]]
  [1m[36mCACHE (0.0ms)[0m  [1mSELECT  "users".* FROM "users" WHERE "users"."id" = $1 LIMIT 1[0m  [["id", 8]]
  [1m[35mCACHE (0.0ms)[0m  SELECT  "users".* FROM "users" WHERE "users"."id" = $1 LIMIT 1  [["id", 9]]
  [1m[36mCACHE (0.0ms)[0m  [1mSELECT  "users".* FROM "users" WHERE "users"."id" = $1 LIMIT 1[0m  [["id", 5]]
  [1m[35mCACHE (0.0ms)[0m  SELECT  "users".* FROM "users" WHERE "users"."id" = $1 LIMIT 1  [["id", 6]]
  [1m[36mCACHE (0.0ms)[0m  [1mSELECT  "users".* FROM "users" WHERE "users"."id" = $1 LIMIT 1[0m  [["id", 7]]
  [1m[35mCACHE (0.0ms)[0m  SELECT  "users".* FROM "users" WHERE "users"."id" = $1 LIMIT 1  [["id", 8]]
  [1m[36mCACHE (0.0ms)[0m  [1mSELECT  "users".* FROM "users" WHERE "users"."id" = $1 LIMIT 1[0m  [["id", 9]]
  Rendered restaurants/show.html.erb within layouts/application (15.0ms)
  [1m[35mUser Load (0.3ms)[0m  SELECT  "users".* FROM "users" WHERE "users"."id" = $1 LIMIT 1  [["id", 1]]
Completed 200 OK in 261ms (Views: 65.4ms | ActiveRecord: 1.8ms)
